2023/03/26 08:05:26 [emerg] 1#1: host not found in upstream "php" in /etc/nginx/conf.d/default.conf:9
2023/03/26 08:06:21 [emerg] 1#1: host not found in upstream "php" in /etc/nginx/conf.d/default.conf:9
2023/03/26 08:08:11 [emerg] 1#1: host not found in upstream "php" in /etc/nginx/conf.d/default.conf:9
2023/03/26 08:08:40 [emerg] 1#1: host not found in upstream "php" in /etc/nginx/conf.d/default.conf:9
2023/03/26 08:08:54 [notice] 1#1: using the "epoll" event method
2023/03/26 08:08:54 [notice] 1#1: nginx/1.23.3
2023/03/26 08:08:54 [notice] 1#1: built by gcc 12.2.1 20220924 (Alpine 12.2.1_git20220924-r4) 
2023/03/26 08:08:54 [notice] 1#1: OS: Linux 5.15.49-linuxkit
2023/03/26 08:08:54 [notice] 1#1: getrlimit(RLIMIT_NOFILE): 1048576:1048576
2023/03/26 08:08:54 [notice] 1#1: start worker processes
2023/03/26 08:08:54 [notice] 1#1: start worker process 29
2023/03/26 08:08:54 [notice] 1#1: start worker process 30
2023/03/26 08:08:54 [notice] 1#1: start worker process 31
2023/03/26 08:08:54 [notice] 1#1: start worker process 32
2023/03/26 08:08:54 [notice] 1#1: start worker process 33
2023/03/26 08:09:04 [error] 29#29: *1 FastCGI sent in stderr: "Primary script unknown" while reading response header from upstream, client: 172.21.0.1, server: , request: "GET /index.php HTTP/1.1", upstream: "fastcgi://172.21.0.2:9000", host: "localhost:8080"
2023/03/26 08:10:30 [notice] 1#1: signal 3 (SIGQUIT) received, shutting down
2023/03/26 08:10:30 [notice] 31#31: gracefully shutting down
2023/03/26 08:10:30 [notice] 31#31: exiting
2023/03/26 08:10:30 [notice] 30#30: gracefully shutting down
2023/03/26 08:10:30 [notice] 29#29: gracefully shutting down
2023/03/26 08:10:30 [notice] 33#33: gracefully shutting down
2023/03/26 08:10:30 [notice] 32#32: gracefully shutting down
2023/03/26 08:10:30 [notice] 31#31: exit
2023/03/26 08:10:30 [notice] 30#30: exiting
2023/03/26 08:10:30 [notice] 29#29: exiting
2023/03/26 08:10:30 [notice] 33#33: exiting
2023/03/26 08:10:30 [notice] 32#32: exiting
2023/03/26 08:10:30 [notice] 30#30: exit
2023/03/26 08:10:30 [notice] 29#29: exit
2023/03/26 08:10:30 [notice] 33#33: exit
2023/03/26 08:10:30 [notice] 32#32: exit
2023/03/26 08:10:30 [notice] 1#1: signal 17 (SIGCHLD) received from 31
2023/03/26 08:10:30 [notice] 1#1: worker process 31 exited with code 0
2023/03/26 08:10:30 [notice] 1#1: signal 29 (SIGIO) received
2023/03/26 08:10:30 [notice] 1#1: signal 17 (SIGCHLD) received from 33
2023/03/26 08:10:30 [notice] 1#1: worker process 30 exited with code 0
2023/03/26 08:10:30 [notice] 1#1: worker process 33 exited with code 0
2023/03/26 08:10:30 [notice] 1#1: signal 29 (SIGIO) received
2023/03/26 08:10:30 [notice] 1#1: signal 17 (SIGCHLD) received from 32
2023/03/26 08:10:30 [notice] 1#1: worker process 29 exited with code 0
2023/03/26 08:10:30 [notice] 1#1: worker process 32 exited with code 0
2023/03/26 08:10:30 [notice] 1#1: exit
2023/03/26 08:10:30 [notice] 1#1: using the "epoll" event method
2023/03/26 08:10:30 [notice] 1#1: nginx/1.23.3
2023/03/26 08:10:30 [notice] 1#1: built by gcc 12.2.1 20220924 (Alpine 12.2.1_git20220924-r4) 
2023/03/26 08:10:30 [notice] 1#1: OS: Linux 5.15.49-linuxkit
2023/03/26 08:10:30 [notice] 1#1: getrlimit(RLIMIT_NOFILE): 1048576:1048576
2023/03/26 08:10:30 [notice] 1#1: start worker processes
2023/03/26 08:10:30 [notice] 1#1: start worker process 29
2023/03/26 08:10:30 [notice] 1#1: start worker process 30
2023/03/26 08:10:30 [notice] 1#1: start worker process 31
2023/03/26 08:10:30 [notice] 1#1: start worker process 32
2023/03/26 08:10:30 [notice] 1#1: start worker process 33
2023/03/26 08:11:02 [notice] 1#1: signal 3 (SIGQUIT) received, shutting down
2023/03/26 08:11:02 [notice] 31#31: gracefully shutting down
2023/03/26 08:11:02 [notice] 29#29: gracefully shutting down
2023/03/26 08:11:02 [notice] 32#32: gracefully shutting down
2023/03/26 08:11:02 [notice] 32#32: exiting
2023/03/26 08:11:02 [notice] 30#30: gracefully shutting down
2023/03/26 08:11:02 [notice] 33#33: gracefully shutting down
2023/03/26 08:11:02 [notice] 31#31: exiting
2023/03/26 08:11:02 [notice] 29#29: exiting
2023/03/26 08:11:02 [notice] 29#29: exit
2023/03/26 08:11:02 [notice] 32#32: exit
2023/03/26 08:11:02 [notice] 30#30: exiting
2023/03/26 08:11:02 [notice] 33#33: exiting
2023/03/26 08:11:02 [notice] 31#31: exit
2023/03/26 08:11:02 [notice] 30#30: exit
2023/03/26 08:11:02 [notice] 33#33: exit
2023/03/26 08:11:02 [notice] 1#1: signal 17 (SIGCHLD) received from 32
2023/03/26 08:11:02 [notice] 1#1: worker process 32 exited with code 0
2023/03/26 08:11:02 [notice] 1#1: signal 17 (SIGCHLD) received from 29
2023/03/26 08:11:02 [notice] 1#1: worker process 29 exited with code 0
2023/03/26 08:11:02 [notice] 1#1: signal 29 (SIGIO) received
2023/03/26 08:11:02 [notice] 1#1: signal 29 (SIGIO) received
2023/03/26 08:11:02 [notice] 1#1: signal 17 (SIGCHLD) received from 30
2023/03/26 08:11:02 [notice] 1#1: worker process 30 exited with code 0
2023/03/26 08:11:02 [notice] 1#1: signal 29 (SIGIO) received
2023/03/26 08:11:02 [notice] 1#1: signal 17 (SIGCHLD) received from 31
2023/03/26 08:11:02 [notice] 1#1: worker process 31 exited with code 0
2023/03/26 08:11:02 [notice] 1#1: signal 29 (SIGIO) received
2023/03/26 08:11:02 [notice] 1#1: signal 17 (SIGCHLD) received from 33
2023/03/26 08:11:02 [notice] 1#1: worker process 33 exited with code 0
2023/03/26 08:11:02 [notice] 1#1: exit
2023/03/26 08:11:16 [notice] 1#1: using the "epoll" event method
2023/03/26 08:11:16 [notice] 1#1: nginx/1.23.3
2023/03/26 08:11:16 [notice] 1#1: built by gcc 12.2.1 20220924 (Alpine 12.2.1_git20220924-r4) 
2023/03/26 08:11:16 [notice] 1#1: OS: Linux 5.15.49-linuxkit
2023/03/26 08:11:16 [notice] 1#1: getrlimit(RLIMIT_NOFILE): 1048576:1048576
2023/03/26 08:11:16 [notice] 1#1: start worker processes
2023/03/26 08:11:16 [notice] 1#1: start worker process 29
2023/03/26 08:11:16 [notice] 1#1: start worker process 30
2023/03/26 08:11:16 [notice] 1#1: start worker process 31
2023/03/26 08:11:16 [notice] 1#1: start worker process 32
2023/03/26 08:11:16 [notice] 1#1: start worker process 33
2023/03/26 08:11:22 [error] 29#29: *1 FastCGI sent in stderr: "Primary script unknown" while reading response header from upstream, client: 172.22.0.1, server: , request: "GET / HTTP/1.1", upstream: "fastcgi://172.22.0.2:9000", host: "localhost:8080"
2023/03/26 08:11:29 [error] 29#29: *1 FastCGI sent in stderr: "Primary script unknown" while reading response header from upstream, client: 172.22.0.1, server: , request: "GET /index.php HTTP/1.1", upstream: "fastcgi://172.22.0.2:9000", host: "localhost:8080"
2023/03/26 08:11:32 [error] 29#29: *1 FastCGI sent in stderr: "Primary script unknown" while reading response header from upstream, client: 172.22.0.1, server: , request: "GET /index.php HTTP/1.1", upstream: "fastcgi://172.22.0.2:9000", host: "localhost:8080"
2023/03/26 08:11:32 [error] 29#29: *1 open() "/var/www/html/favicon.ico" failed (2: No such file or directory), client: 172.22.0.1, server: , request: "GET /favicon.ico HTTP/1.1", host: "localhost:8080", referrer: "http://localhost:8080/index.php"
2023/03/26 08:11:33 [error] 29#29: *1 FastCGI sent in stderr: "Primary script unknown" while reading response header from upstream, client: 172.22.0.1, server: , request: "GET /index.php HTTP/1.1", upstream: "fastcgi://172.22.0.2:9000", host: "localhost:8080"
2023/03/26 08:11:33 [error] 29#29: *1 open() "/var/www/html/favicon.ico" failed (2: No such file or directory), client: 172.22.0.1, server: , request: "GET /favicon.ico HTTP/1.1", host: "localhost:8080", referrer: "http://localhost:8080/index.php"
2023/03/26 08:12:59 [notice] 1#1: signal 3 (SIGQUIT) received, shutting down
2023/03/26 08:12:59 [notice] 29#29: gracefully shutting down
2023/03/26 08:12:59 [notice] 30#30: gracefully shutting down
2023/03/26 08:12:59 [notice] 30#30: exiting
2023/03/26 08:12:59 [notice] 33#33: gracefully shutting down
2023/03/26 08:12:59 [notice] 31#31: gracefully shutting down
2023/03/26 08:12:59 [notice] 32#32: gracefully shutting down
2023/03/26 08:12:59 [notice] 29#29: exiting
2023/03/26 08:12:59 [notice] 30#30: exit
2023/03/26 08:12:59 [notice] 33#33: exiting
2023/03/26 08:12:59 [notice] 31#31: exiting
2023/03/26 08:12:59 [notice] 32#32: exiting
2023/03/26 08:12:59 [notice] 29#29: exit
2023/03/26 08:12:59 [notice] 33#33: exit
2023/03/26 08:12:59 [notice] 31#31: exit
2023/03/26 08:12:59 [notice] 32#32: exit
2023/03/26 08:12:59 [notice] 1#1: signal 17 (SIGCHLD) received from 30
2023/03/26 08:12:59 [notice] 1#1: worker process 30 exited with code 0
2023/03/26 08:12:59 [notice] 1#1: signal 29 (SIGIO) received
2023/03/26 08:12:59 [notice] 1#1: signal 17 (SIGCHLD) received from 33
2023/03/26 08:12:59 [notice] 1#1: worker process 29 exited with code 0
2023/03/26 08:12:59 [notice] 1#1: worker process 33 exited with code 0
2023/03/26 08:12:59 [notice] 1#1: signal 29 (SIGIO) received
2023/03/26 08:12:59 [notice] 1#1: signal 17 (SIGCHLD) received from 29
2023/03/26 08:12:59 [notice] 1#1: worker process 32 exited with code 0
2023/03/26 08:12:59 [notice] 1#1: signal 29 (SIGIO) received
2023/03/26 08:12:59 [notice] 1#1: signal 17 (SIGCHLD) received from 31
2023/03/26 08:12:59 [notice] 1#1: worker process 31 exited with code 0
2023/03/26 08:12:59 [notice] 1#1: exit
2023/03/26 08:13:00 [notice] 1#1: using the "epoll" event method
2023/03/26 08:13:00 [notice] 1#1: nginx/1.23.3
2023/03/26 08:13:00 [notice] 1#1: built by gcc 12.2.1 20220924 (Alpine 12.2.1_git20220924-r4) 
2023/03/26 08:13:00 [notice] 1#1: OS: Linux 5.15.49-linuxkit
2023/03/26 08:13:00 [notice] 1#1: getrlimit(RLIMIT_NOFILE): 1048576:1048576
2023/03/26 08:13:00 [notice] 1#1: start worker processes
2023/03/26 08:13:00 [notice] 1#1: start worker process 29
2023/03/26 08:13:00 [notice] 1#1: start worker process 30
2023/03/26 08:13:00 [notice] 1#1: start worker process 31
2023/03/26 08:13:00 [notice] 1#1: start worker process 32
2023/03/26 08:13:00 [notice] 1#1: start worker process 33
2023/03/26 08:13:02 [error] 29#29: *1 FastCGI sent in stderr: "Primary script unknown" while reading response header from upstream, client: 172.22.0.1, server: , request: "GET /index.php HTTP/1.1", upstream: "fastcgi://172.22.0.2:9000", host: "localhost:8080"
2023/03/26 08:13:03 [error] 29#29: *1 FastCGI sent in stderr: "Primary script unknown" while reading response header from upstream, client: 172.22.0.1, server: , request: "GET /index.php HTTP/1.1", upstream: "fastcgi://172.22.0.2:9000", host: "localhost:8080"
2023/03/26 08:13:03 [error] 29#29: *1 FastCGI sent in stderr: "Primary script unknown" while reading response header from upstream, client: 172.22.0.1, server: , request: "GET /index.php HTTP/1.1", upstream: "fastcgi://172.22.0.2:9000", host: "localhost:8080"
2023/03/26 08:14:27 [notice] 1#1: signal 3 (SIGQUIT) received, shutting down
2023/03/26 08:14:27 [notice] 29#29: gracefully shutting down
2023/03/26 08:14:27 [notice] 30#30: gracefully shutting down
2023/03/26 08:14:27 [notice] 33#33: gracefully shutting down
2023/03/26 08:14:27 [notice] 32#32: gracefully shutting down
2023/03/26 08:14:27 [notice] 31#31: gracefully shutting down
2023/03/26 08:14:27 [notice] 31#31: exiting
2023/03/26 08:14:27 [notice] 29#29: exiting
2023/03/26 08:14:27 [notice] 30#30: exiting
2023/03/26 08:14:27 [notice] 33#33: exiting
2023/03/26 08:14:27 [notice] 32#32: exiting
2023/03/26 08:14:27 [notice] 31#31: exit
2023/03/26 08:14:27 [notice] 29#29: exit
2023/03/26 08:14:27 [notice] 30#30: exit
2023/03/26 08:14:27 [notice] 33#33: exit
2023/03/26 08:14:27 [notice] 32#32: exit
2023/03/26 08:14:27 [notice] 1#1: signal 17 (SIGCHLD) received from 31
2023/03/26 08:14:27 [notice] 1#1: worker process 29 exited with code 0
2023/03/26 08:14:27 [notice] 1#1: worker process 30 exited with code 0
2023/03/26 08:14:27 [notice] 1#1: worker process 31 exited with code 0
2023/03/26 08:14:27 [notice] 1#1: signal 29 (SIGIO) received
2023/03/26 08:14:27 [notice] 1#1: signal 17 (SIGCHLD) received from 29
2023/03/26 08:14:27 [notice] 1#1: worker process 32 exited with code 0
2023/03/26 08:14:27 [notice] 1#1: worker process 33 exited with code 0
2023/03/26 08:14:27 [notice] 1#1: exit
2023/03/26 08:14:32 [notice] 1#1: using the "epoll" event method
2023/03/26 08:14:32 [notice] 1#1: nginx/1.23.3
2023/03/26 08:14:32 [notice] 1#1: built by gcc 12.2.1 20220924 (Alpine 12.2.1_git20220924-r4) 
2023/03/26 08:14:32 [notice] 1#1: OS: Linux 5.15.49-linuxkit
2023/03/26 08:14:32 [notice] 1#1: getrlimit(RLIMIT_NOFILE): 1048576:1048576
2023/03/26 08:14:32 [notice] 1#1: start worker processes
2023/03/26 08:14:32 [notice] 1#1: start worker process 29
2023/03/26 08:14:32 [notice] 1#1: start worker process 30
2023/03/26 08:14:32 [notice] 1#1: start worker process 31
2023/03/26 08:14:32 [notice] 1#1: start worker process 32
2023/03/26 08:14:32 [notice] 1#1: start worker process 33
2023/03/26 18:11:07 [notice] 1#1: signal 3 (SIGQUIT) received, shutting down
2023/03/26 18:11:07 [notice] 29#29: gracefully shutting down
2023/03/26 18:11:07 [notice] 30#30: gracefully shutting down
2023/03/26 18:11:07 [notice] 31#31: gracefully shutting down
2023/03/26 18:11:07 [notice] 32#32: gracefully shutting down
2023/03/26 18:11:07 [notice] 33#33: gracefully shutting down
2023/03/26 18:11:07 [notice] 29#29: exiting
2023/03/26 18:11:07 [notice] 30#30: exiting
2023/03/26 18:11:07 [notice] 31#31: exiting
2023/03/26 18:11:07 [notice] 31#31: exit
2023/03/26 18:11:07 [notice] 32#32: exiting
2023/03/26 18:11:07 [notice] 33#33: exiting
2023/03/26 18:11:07 [notice] 29#29: exit
2023/03/26 18:11:07 [notice] 30#30: exit
2023/03/26 18:11:07 [notice] 32#32: exit
2023/03/26 18:11:07 [notice] 33#33: exit
2023/03/26 18:11:07 [notice] 1#1: signal 17 (SIGCHLD) received from 31
2023/03/26 18:11:07 [notice] 1#1: worker process 31 exited with code 0
2023/03/26 18:11:07 [notice] 1#1: signal 29 (SIGIO) received
2023/03/26 18:11:07 [notice] 1#1: signal 17 (SIGCHLD) received from 32
2023/03/26 18:11:07 [notice] 1#1: worker process 32 exited with code 0
2023/03/26 18:11:07 [notice] 1#1: signal 29 (SIGIO) received
2023/03/26 18:11:07 [notice] 1#1: signal 17 (SIGCHLD) received from 29
2023/03/26 18:11:07 [notice] 1#1: worker process 29 exited with code 0
2023/03/26 18:11:07 [notice] 1#1: signal 17 (SIGCHLD) received from 30
2023/03/26 18:11:07 [notice] 1#1: worker process 30 exited with code 0
2023/03/26 18:11:07 [notice] 1#1: worker process 33 exited with code 0
2023/03/26 18:11:07 [notice] 1#1: exit
2023/03/26 18:11:29 [notice] 1#1: using the "epoll" event method
2023/03/26 18:11:29 [notice] 1#1: nginx/1.23.3
2023/03/26 18:11:29 [notice] 1#1: built by gcc 12.2.1 20220924 (Alpine 12.2.1_git20220924-r4) 
2023/03/26 18:11:29 [notice] 1#1: OS: Linux 5.15.49-linuxkit
2023/03/26 18:11:29 [notice] 1#1: getrlimit(RLIMIT_NOFILE): 1048576:1048576
2023/03/26 18:11:29 [notice] 1#1: start worker processes
2023/03/26 18:11:29 [notice] 1#1: start worker process 30
2023/03/26 18:11:29 [notice] 1#1: start worker process 31
2023/03/26 18:11:29 [notice] 1#1: start worker process 32
2023/03/26 18:11:29 [notice] 1#1: start worker process 33
2023/03/26 18:11:29 [notice] 1#1: start worker process 34
2023/03/26 18:11:43 [error] 30#30: *1 open() "/var/www/html/index.php" failed (2: No such file or directory), client: 172.24.0.1, server: _, request: "GET /index.php HTTP/1.1", host: "localhost:8080"
2023/03/26 18:11:43 [error] 30#30: *1 open() "/var/www/html/404.html" failed (2: No such file or directory), client: 172.24.0.1, server: _, request: "GET /index.php HTTP/1.1", host: "localhost:8080"
2023/03/26 18:11:46 [error] 30#30: *1 directory index of "/var/www/html/" is forbidden, client: 172.24.0.1, server: _, request: "GET / HTTP/1.1", host: "localhost:8080"
2023/03/26 18:13:53 [error] 31#31: *2 directory index of "/var/www/html/site1/" is forbidden, client: 172.24.0.1, server: site1.test.com, request: "GET / HTTP/1.1", host: "site1.test.com:8080"
2023/03/26 18:13:57 [error] 32#32: *3 directory index of "/var/www/html/site2/" is forbidden, client: 172.24.0.1, server: site2.test.com, request: "GET / HTTP/1.1", host: "site2.test.com:8080"
2023/03/26 18:14:02 [error] 33#33: *4 directory index of "/var/www/html/" is forbidden, client: 172.24.0.1, server: _, request: "GET / HTTP/1.1", host: "www.site2.test.com:8080"
2023/03/26 18:14:02 [error] 33#33: *4 open() "/var/www/html/favicon.ico" failed (2: No such file or directory), client: 172.24.0.1, server: _, request: "GET /favicon.ico HTTP/1.1", host: "www.site2.test.com:8080", referrer: "http://www.site2.test.com:8080/"
2023/03/26 18:14:02 [error] 33#33: *4 open() "/var/www/html/404.html" failed (2: No such file or directory), client: 172.24.0.1, server: _, request: "GET /favicon.ico HTTP/1.1", host: "www.site2.test.com:8080", referrer: "http://www.site2.test.com:8080/"
2023/03/26 18:15:08 [notice] 1#1: signal 3 (SIGQUIT) received, shutting down
2023/03/26 18:15:08 [notice] 30#30: gracefully shutting down
2023/03/26 18:15:08 [notice] 34#34: gracefully shutting down
2023/03/26 18:15:08 [notice] 31#31: gracefully shutting down
2023/03/26 18:15:08 [notice] 31#31: exiting
2023/03/26 18:15:08 [notice] 32#32: gracefully shutting down
2023/03/26 18:15:08 [notice] 33#33: gracefully shutting down
2023/03/26 18:15:08 [notice] 30#30: exiting
2023/03/26 18:15:08 [notice] 34#34: exiting
2023/03/26 18:15:08 [notice] 31#31: exit
2023/03/26 18:15:08 [notice] 32#32: exiting
2023/03/26 18:15:08 [notice] 33#33: exiting
2023/03/26 18:15:08 [notice] 30#30: exit
2023/03/26 18:15:08 [notice] 34#34: exit
2023/03/26 18:15:08 [notice] 32#32: exit
2023/03/26 18:15:08 [notice] 33#33: exit
2023/03/26 18:15:08 [notice] 1#1: signal 17 (SIGCHLD) received from 31
2023/03/26 18:15:08 [notice] 1#1: worker process 31 exited with code 0
2023/03/26 18:15:08 [notice] 1#1: signal 29 (SIGIO) received
2023/03/26 18:15:08 [notice] 1#1: signal 17 (SIGCHLD) received from 34
2023/03/26 18:15:08 [notice] 1#1: worker process 34 exited with code 0
2023/03/26 18:15:08 [notice] 1#1: worker process 30 exited with code 0
2023/03/26 18:15:08 [notice] 1#1: signal 29 (SIGIO) received
2023/03/26 18:15:08 [notice] 1#1: signal 17 (SIGCHLD) received from 30
2023/03/26 18:15:08 [notice] 1#1: signal 17 (SIGCHLD) received from 32
2023/03/26 18:15:08 [notice] 1#1: worker process 32 exited with code 0
2023/03/26 18:15:08 [notice] 1#1: signal 29 (SIGIO) received
2023/03/26 18:15:08 [notice] 1#1: signal 17 (SIGCHLD) received from 33
2023/03/26 18:15:08 [notice] 1#1: worker process 33 exited with code 0
2023/03/26 18:15:08 [notice] 1#1: exit
2023/03/26 18:15:32 [notice] 1#1: using the "epoll" event method
2023/03/26 18:15:32 [notice] 1#1: nginx/1.23.3
2023/03/26 18:15:32 [notice] 1#1: built by gcc 12.2.1 20220924 (Alpine 12.2.1_git20220924-r4) 
2023/03/26 18:15:32 [notice] 1#1: OS: Linux 5.15.49-linuxkit
2023/03/26 18:15:32 [notice] 1#1: getrlimit(RLIMIT_NOFILE): 1048576:1048576
2023/03/26 18:15:32 [notice] 1#1: start worker processes
2023/03/26 18:15:32 [notice] 1#1: start worker process 29
2023/03/26 18:15:32 [notice] 1#1: start worker process 30
2023/03/26 18:15:32 [notice] 1#1: start worker process 31
2023/03/26 18:15:32 [notice] 1#1: start worker process 32
2023/03/26 18:15:32 [notice] 1#1: start worker process 33
2023/03/26 18:15:35 [error] 29#29: *1 directory index of "/var/www/html/" is forbidden, client: 172.25.0.1, server: _, request: "GET / HTTP/1.1", host: "www.site2.test.com:8080"
2023/03/26 18:15:44 [error] 30#30: *2 directory index of "/var/www/html/" is forbidden, client: 172.25.0.1, server: _, request: "GET / HTTP/1.1", host: "localhost:8080"
2023/03/26 18:29:48 [notice] 1#1: signal 3 (SIGQUIT) received, shutting down
2023/03/26 18:29:48 [notice] 30#30: gracefully shutting down
2023/03/26 18:29:48 [notice] 32#32: gracefully shutting down
2023/03/26 18:29:48 [notice] 32#32: exiting
2023/03/26 18:29:48 [notice] 31#31: gracefully shutting down
2023/03/26 18:29:48 [notice] 29#29: gracefully shutting down
2023/03/26 18:29:48 [notice] 29#29: exiting
2023/03/26 18:29:48 [notice] 33#33: gracefully shutting down
2023/03/26 18:29:48 [notice] 30#30: exiting
2023/03/26 18:29:48 [notice] 30#30: exit
2023/03/26 18:29:48 [notice] 32#32: exit
2023/03/26 18:29:48 [notice] 31#31: exiting
2023/03/26 18:29:48 [notice] 29#29: exit
2023/03/26 18:29:48 [notice] 33#33: exiting
2023/03/26 18:29:48 [notice] 33#33: exit
2023/03/26 18:29:48 [notice] 31#31: exit
2023/03/26 18:29:48 [notice] 1#1: signal 17 (SIGCHLD) received from 29
2023/03/26 18:29:48 [notice] 1#1: worker process 29 exited with code 0
2023/03/26 18:29:48 [notice] 1#1: worker process 30 exited with code 0
2023/03/26 18:29:48 [notice] 1#1: signal 29 (SIGIO) received
2023/03/26 18:29:48 [notice] 1#1: signal 17 (SIGCHLD) received from 31
2023/03/26 18:29:48 [notice] 1#1: worker process 31 exited with code 0
2023/03/26 18:29:48 [notice] 1#1: worker process 33 exited with code 0
2023/03/26 18:29:48 [notice] 1#1: signal 29 (SIGIO) received
2023/03/26 18:29:48 [notice] 1#1: signal 17 (SIGCHLD) received from 33
2023/03/26 18:29:48 [notice] 1#1: signal 17 (SIGCHLD) received from 32
2023/03/26 18:29:48 [notice] 1#1: worker process 32 exited with code 0
2023/03/26 18:29:48 [notice] 1#1: exit
2023/03/26 18:30:01 [notice] 1#1: using the "epoll" event method
2023/03/26 18:30:01 [notice] 1#1: nginx/1.23.3
2023/03/26 18:30:01 [notice] 1#1: built by gcc 12.2.1 20220924 (Alpine 12.2.1_git20220924-r4) 
2023/03/26 18:30:01 [notice] 1#1: OS: Linux 5.15.49-linuxkit
2023/03/26 18:30:01 [notice] 1#1: getrlimit(RLIMIT_NOFILE): 1048576:1048576
2023/03/26 18:30:01 [notice] 1#1: start worker processes
2023/03/26 18:30:01 [notice] 1#1: start worker process 28
2023/03/26 18:30:01 [notice] 1#1: start worker process 29
2023/03/26 18:30:01 [notice] 1#1: start worker process 30
2023/03/26 18:30:01 [notice] 1#1: start worker process 31
2023/03/26 18:30:01 [notice] 1#1: start worker process 32
2023/03/26 18:30:07 [error] 28#28: *1 open() "/var/www/htmlindex.php" failed (2: No such file or directory), client: 172.26.0.1, server: _, request: "GET / HTTP/1.1", host: "localhost:8080"
2023/03/26 18:30:07 [error] 28#28: *1 open() "/var/www/htmlindex.php" failed (2: No such file or directory), client: 172.26.0.1, server: _, request: "GET / HTTP/1.1", host: "localhost:8080"
2023/03/26 18:30:35 [error] 28#28: *1 open() "/var/www/htmlindex.php" failed (2: No such file or directory), client: 172.26.0.1, server: _, request: "GET / HTTP/1.1", host: "localhost:8080"
2023/03/26 18:30:35 [error] 28#28: *1 open() "/var/www/htmlindex.php" failed (2: No such file or directory), client: 172.26.0.1, server: _, request: "GET / HTTP/1.1", host: "localhost:8080"
2023/03/26 18:37:00 [notice] 1#1: signal 3 (SIGQUIT) received, shutting down
2023/03/26 18:37:00 [notice] 29#29: gracefully shutting down
2023/03/26 18:37:00 [notice] 28#28: gracefully shutting down
2023/03/26 18:37:00 [notice] 32#32: gracefully shutting down
2023/03/26 18:37:00 [notice] 32#32: exiting
2023/03/26 18:37:00 [notice] 31#31: gracefully shutting down
2023/03/26 18:37:00 [notice] 31#31: exiting
2023/03/26 18:37:00 [notice] 30#30: gracefully shutting down
2023/03/26 18:37:00 [notice] 29#29: exiting
2023/03/26 18:37:00 [notice] 28#28: exiting
2023/03/26 18:37:00 [notice] 32#32: exit
2023/03/26 18:37:00 [notice] 31#31: exit
2023/03/26 18:37:00 [notice] 30#30: exiting
2023/03/26 18:37:00 [notice] 29#29: exit
2023/03/26 18:37:00 [notice] 28#28: exit
2023/03/26 18:37:00 [notice] 30#30: exit
2023/03/26 18:37:00 [notice] 1#1: signal 17 (SIGCHLD) received from 32
2023/03/26 18:37:00 [notice] 1#1: worker process 32 exited with code 0
2023/03/26 18:37:00 [notice] 1#1: signal 29 (SIGIO) received
2023/03/26 18:37:00 [notice] 1#1: signal 17 (SIGCHLD) received from 31
2023/03/26 18:37:00 [notice] 1#1: worker process 29 exited with code 0
2023/03/26 18:37:00 [notice] 1#1: worker process 31 exited with code 0
2023/03/26 18:37:00 [notice] 1#1: signal 29 (SIGIO) received
2023/03/26 18:37:00 [notice] 1#1: signal 17 (SIGCHLD) received from 30
2023/03/26 18:37:00 [notice] 1#1: worker process 30 exited with code 0
2023/03/26 18:37:00 [notice] 1#1: worker process 28 exited with code 0
2023/03/26 18:37:00 [notice] 1#1: exit
2023/03/26 18:37:19 [notice] 1#1: using the "epoll" event method
2023/03/26 18:37:19 [notice] 1#1: nginx/1.23.3
2023/03/26 18:37:19 [notice] 1#1: built by gcc 12.2.1 20220924 (Alpine 12.2.1_git20220924-r4) 
2023/03/26 18:37:19 [notice] 1#1: OS: Linux 5.15.49-linuxkit
2023/03/26 18:37:19 [notice] 1#1: getrlimit(RLIMIT_NOFILE): 1048576:1048576
2023/03/26 18:37:19 [notice] 1#1: start worker processes
2023/03/26 18:37:19 [notice] 1#1: start worker process 29
2023/03/26 18:37:19 [notice] 1#1: start worker process 30
2023/03/26 18:37:19 [notice] 1#1: start worker process 31
2023/03/26 18:37:19 [notice] 1#1: start worker process 32
2023/03/26 18:37:19 [notice] 1#1: start worker process 33
2023/03/26 18:37:23 [error] 29#29: *1 open() "/var/www/htmlindex.php" failed (2: No such file or directory), client: 172.27.0.1, server: localhost, request: "GET / HTTP/1.1", host: "localhost:8080"
2023/03/26 18:37:23 [error] 29#29: *1 open() "/var/www/htmlindex.php" failed (2: No such file or directory), client: 172.27.0.1, server: localhost, request: "GET / HTTP/1.1", host: "localhost:8080"
2023/03/26 18:37:24 [error] 29#29: *1 open() "/var/www/htmlindex.php" failed (2: No such file or directory), client: 172.27.0.1, server: localhost, request: "GET / HTTP/1.1", host: "localhost:8080"
2023/03/26 18:37:24 [error] 29#29: *1 open() "/var/www/htmlindex.php" failed (2: No such file or directory), client: 172.27.0.1, server: localhost, request: "GET / HTTP/1.1", host: "localhost:8080"
2023/03/26 18:37:25 [error] 29#29: *1 open() "/var/www/htmlindex.php" failed (2: No such file or directory), client: 172.27.0.1, server: localhost, request: "GET / HTTP/1.1", host: "localhost:8080"
2023/03/26 18:37:25 [error] 29#29: *1 open() "/var/www/htmlindex.php" failed (2: No such file or directory), client: 172.27.0.1, server: localhost, request: "GET / HTTP/1.1", host: "localhost:8080"
2023/03/26 18:38:26 [notice] 1#1: signal 3 (SIGQUIT) received, shutting down
2023/03/26 18:38:26 [notice] 31#31: gracefully shutting down
2023/03/26 18:38:26 [notice] 31#31: exiting
2023/03/26 18:38:26 [notice] 32#32: gracefully shutting down
2023/03/26 18:38:26 [notice] 32#32: exiting
2023/03/26 18:38:26 [notice] 29#29: gracefully shutting down
2023/03/26 18:38:26 [notice] 33#33: gracefully shutting down
2023/03/26 18:38:26 [notice] 33#33: exiting
2023/03/26 18:38:26 [notice] 30#30: gracefully shutting down
2023/03/26 18:38:26 [notice] 30#30: exiting
2023/03/26 18:38:26 [notice] 31#31: exit
2023/03/26 18:38:26 [notice] 32#32: exit
2023/03/26 18:38:26 [notice] 29#29: exiting
2023/03/26 18:38:26 [notice] 33#33: exit
2023/03/26 18:38:26 [notice] 30#30: exit
2023/03/26 18:38:26 [notice] 29#29: exit
2023/03/26 18:38:26 [notice] 1#1: signal 17 (SIGCHLD) received from 31
2023/03/26 18:38:26 [notice] 1#1: worker process 31 exited with code 0
2023/03/26 18:38:26 [notice] 1#1: worker process 32 exited with code 0
2023/03/26 18:38:26 [notice] 1#1: signal 29 (SIGIO) received
2023/03/26 18:38:26 [notice] 1#1: signal 17 (SIGCHLD) received from 33
2023/03/26 18:38:26 [notice] 1#1: worker process 29 exited with code 0
2023/03/26 18:38:26 [notice] 1#1: worker process 30 exited with code 0
2023/03/26 18:38:26 [notice] 1#1: worker process 33 exited with code 0
2023/03/26 18:38:26 [notice] 1#1: exit
2023/03/26 18:38:30 [notice] 1#1: using the "epoll" event method
2023/03/26 18:38:30 [notice] 1#1: nginx/1.23.3
2023/03/26 18:38:30 [notice] 1#1: built by gcc 12.2.1 20220924 (Alpine 12.2.1_git20220924-r4) 
2023/03/26 18:38:30 [notice] 1#1: OS: Linux 5.15.49-linuxkit
2023/03/26 18:38:30 [notice] 1#1: getrlimit(RLIMIT_NOFILE): 1048576:1048576
2023/03/26 18:38:30 [notice] 1#1: start worker processes
2023/03/26 18:38:30 [notice] 1#1: start worker process 29
2023/03/26 18:38:30 [notice] 1#1: start worker process 30
2023/03/26 18:38:30 [notice] 1#1: start worker process 31
2023/03/26 18:38:30 [notice] 1#1: start worker process 32
2023/03/26 18:38:30 [notice] 1#1: start worker process 33
2023/03/26 18:38:37 [error] 29#29: *1 open() "/var/www/htmlindex.php" failed (2: No such file or directory), client: 172.28.0.1, server: localhost, request: "GET / HTTP/1.1", host: "localhost:8080"
2023/03/26 18:38:37 [error] 29#29: *1 open() "/var/www/htmlindex.php" failed (2: No such file or directory), client: 172.28.0.1, server: localhost, request: "GET / HTTP/1.1", host: "localhost:8080"
2023/03/26 18:38:38 [error] 29#29: *1 open() "/var/www/htmlindex.php" failed (2: No such file or directory), client: 172.28.0.1, server: localhost, request: "GET / HTTP/1.1", host: "localhost:8080"
2023/03/26 18:38:38 [error] 29#29: *1 open() "/var/www/htmlindex.php" failed (2: No such file or directory), client: 172.28.0.1, server: localhost, request: "GET / HTTP/1.1", host: "localhost:8080"
2023/03/26 18:40:11 [notice] 1#1: signal 3 (SIGQUIT) received, shutting down
2023/03/26 18:40:11 [notice] 29#29: gracefully shutting down
2023/03/26 18:40:11 [notice] 29#29: exiting
2023/03/26 18:40:11 [notice] 31#31: gracefully shutting down
2023/03/26 18:40:11 [notice] 30#30: gracefully shutting down
2023/03/26 18:40:11 [notice] 30#30: exiting
2023/03/26 18:40:11 [notice] 33#33: gracefully shutting down
2023/03/26 18:40:11 [notice] 33#33: exiting
2023/03/26 18:40:11 [notice] 32#32: gracefully shutting down
2023/03/26 18:40:11 [notice] 32#32: exiting
2023/03/26 18:40:11 [notice] 29#29: exit
2023/03/26 18:40:11 [notice] 31#31: exiting
2023/03/26 18:40:11 [notice] 31#31: exit
2023/03/26 18:40:11 [notice] 30#30: exit
2023/03/26 18:40:11 [notice] 33#33: exit
2023/03/26 18:40:11 [notice] 32#32: exit
2023/03/26 18:40:11 [notice] 1#1: signal 17 (SIGCHLD) received from 31
2023/03/26 18:40:11 [notice] 1#1: worker process 29 exited with code 0
2023/03/26 18:40:11 [notice] 1#1: worker process 31 exited with code 0
2023/03/26 18:40:11 [notice] 1#1: signal 29 (SIGIO) received
2023/03/26 18:40:11 [notice] 1#1: signal 17 (SIGCHLD) received from 29
2023/03/26 18:40:11 [notice] 1#1: signal 17 (SIGCHLD) received from 30
2023/03/26 18:40:11 [notice] 1#1: worker process 30 exited with code 0
2023/03/26 18:40:11 [notice] 1#1: worker process 32 exited with code 0
2023/03/26 18:40:11 [notice] 1#1: signal 29 (SIGIO) received
2023/03/26 18:40:11 [notice] 1#1: signal 17 (SIGCHLD) received from 32
2023/03/26 18:40:11 [notice] 1#1: worker process 33 exited with code 0
2023/03/26 18:40:11 [notice] 1#1: exit
2023/03/26 18:40:20 [notice] 1#1: using the "epoll" event method
2023/03/26 18:40:20 [notice] 1#1: nginx/1.23.3
2023/03/26 18:40:20 [notice] 1#1: built by gcc 12.2.1 20220924 (Alpine 12.2.1_git20220924-r4) 
2023/03/26 18:40:20 [notice] 1#1: OS: Linux 5.15.49-linuxkit
2023/03/26 18:40:20 [notice] 1#1: getrlimit(RLIMIT_NOFILE): 1048576:1048576
2023/03/26 18:40:20 [notice] 1#1: start worker processes
2023/03/26 18:40:20 [notice] 1#1: start worker process 29
2023/03/26 18:40:20 [notice] 1#1: start worker process 30
2023/03/26 18:40:20 [notice] 1#1: start worker process 31
2023/03/26 18:40:20 [notice] 1#1: start worker process 32
2023/03/26 18:40:20 [notice] 1#1: start worker process 33
2023/03/26 18:41:08 [notice] 1#1: signal 3 (SIGQUIT) received, shutting down
2023/03/26 18:41:08 [notice] 31#31: gracefully shutting down
2023/03/26 18:41:08 [notice] 30#30: gracefully shutting down
2023/03/26 18:41:08 [notice] 30#30: exiting
2023/03/26 18:41:08 [notice] 29#29: gracefully shutting down
2023/03/26 18:41:08 [notice] 33#33: gracefully shutting down
2023/03/26 18:41:08 [notice] 32#32: gracefully shutting down
2023/03/26 18:41:08 [notice] 31#31: exiting
2023/03/26 18:41:08 [notice] 31#31: exit
2023/03/26 18:41:08 [notice] 30#30: exit
2023/03/26 18:41:08 [notice] 29#29: exiting
2023/03/26 18:41:08 [notice] 33#33: exiting
2023/03/26 18:41:08 [notice] 32#32: exiting
2023/03/26 18:41:08 [notice] 29#29: exit
2023/03/26 18:41:08 [notice] 33#33: exit
2023/03/26 18:41:08 [notice] 32#32: exit
2023/03/26 18:41:08 [notice] 1#1: signal 17 (SIGCHLD) received from 31
2023/03/26 18:41:08 [notice] 1#1: worker process 31 exited with code 0
2023/03/26 18:41:08 [notice] 1#1: signal 29 (SIGIO) received
2023/03/26 18:41:08 [notice] 1#1: signal 17 (SIGCHLD) received from 30
2023/03/26 18:41:08 [notice] 1#1: worker process 30 exited with code 0
2023/03/26 18:41:08 [notice] 1#1: signal 29 (SIGIO) received
2023/03/26 18:41:08 [notice] 1#1: signal 17 (SIGCHLD) received from 29
2023/03/26 18:41:08 [notice] 1#1: worker process 29 exited with code 0
2023/03/26 18:41:08 [notice] 1#1: worker process 32 exited with code 0
2023/03/26 18:41:08 [notice] 1#1: signal 29 (SIGIO) received
2023/03/26 18:41:08 [notice] 1#1: signal 17 (SIGCHLD) received from 32
2023/03/26 18:41:08 [notice] 1#1: signal 17 (SIGCHLD) received from 33
2023/03/26 18:41:08 [notice] 1#1: worker process 33 exited with code 0
2023/03/26 18:41:08 [notice] 1#1: exit
2023/03/26 18:41:12 [notice] 1#1: using the "epoll" event method
2023/03/26 18:41:12 [notice] 1#1: nginx/1.23.3
2023/03/26 18:41:12 [notice] 1#1: built by gcc 12.2.1 20220924 (Alpine 12.2.1_git20220924-r4) 
2023/03/26 18:41:12 [notice] 1#1: OS: Linux 5.15.49-linuxkit
2023/03/26 18:41:12 [notice] 1#1: getrlimit(RLIMIT_NOFILE): 1048576:1048576
2023/03/26 18:41:12 [notice] 1#1: start worker processes
2023/03/26 18:41:12 [notice] 1#1: start worker process 29
2023/03/26 18:41:12 [notice] 1#1: start worker process 30
2023/03/26 18:41:12 [notice] 1#1: start worker process 31
2023/03/26 18:41:12 [notice] 1#1: start worker process 32
2023/03/26 18:41:12 [notice] 1#1: start worker process 33
2023/03/26 18:42:48 [notice] 1#1: signal 3 (SIGQUIT) received, shutting down
2023/03/26 18:42:48 [notice] 30#30: gracefully shutting down
2023/03/26 18:42:48 [notice] 33#33: gracefully shutting down
2023/03/26 18:42:48 [notice] 32#32: gracefully shutting down
2023/03/26 18:42:48 [notice] 29#29: gracefully shutting down
2023/03/26 18:42:48 [notice] 29#29: exiting
2023/03/26 18:42:48 [notice] 31#31: gracefully shutting down
2023/03/26 18:42:48 [notice] 31#31: exiting
2023/03/26 18:42:48 [notice] 30#30: exiting
2023/03/26 18:42:48 [notice] 33#33: exiting
2023/03/26 18:42:48 [notice] 32#32: exiting
2023/03/26 18:42:48 [notice] 32#32: exit
2023/03/26 18:42:48 [notice] 29#29: exit
2023/03/26 18:42:48 [notice] 31#31: exit
2023/03/26 18:42:48 [notice] 30#30: exit
2023/03/26 18:42:48 [notice] 33#33: exit
2023/03/26 18:42:48 [notice] 1#1: signal 17 (SIGCHLD) received from 32
2023/03/26 18:42:48 [notice] 1#1: worker process 29 exited with code 0
2023/03/26 18:42:48 [notice] 1#1: worker process 32 exited with code 0
2023/03/26 18:42:48 [notice] 1#1: worker process 30 exited with code 0
2023/03/26 18:42:48 [notice] 1#1: signal 29 (SIGIO) received
2023/03/26 18:42:48 [notice] 1#1: signal 17 (SIGCHLD) received from 30
2023/03/26 18:42:48 [notice] 1#1: worker process 33 exited with code 0
2023/03/26 18:42:48 [notice] 1#1: worker process 31 exited with code 0
2023/03/26 18:42:48 [notice] 1#1: exit
2023/03/26 18:42:50 [notice] 1#1: using the "epoll" event method
2023/03/26 18:42:50 [notice] 1#1: nginx/1.23.3
2023/03/26 18:42:50 [notice] 1#1: built by gcc 12.2.1 20220924 (Alpine 12.2.1_git20220924-r4) 
2023/03/26 18:42:50 [notice] 1#1: OS: Linux 5.15.49-linuxkit
2023/03/26 18:42:50 [notice] 1#1: getrlimit(RLIMIT_NOFILE): 1048576:1048576
2023/03/26 18:42:50 [notice] 1#1: start worker processes
2023/03/26 18:42:50 [notice] 1#1: start worker process 29
2023/03/26 18:42:50 [notice] 1#1: start worker process 30
2023/03/26 18:42:50 [notice] 1#1: start worker process 31
2023/03/26 18:42:50 [notice] 1#1: start worker process 32
2023/03/26 18:42:50 [notice] 1#1: start worker process 33
2023/03/26 18:45:06 [notice] 1#1: signal 3 (SIGQUIT) received, shutting down
2023/03/26 18:45:06 [notice] 29#29: gracefully shutting down
2023/03/26 18:45:06 [notice] 29#29: exiting
2023/03/26 18:45:06 [notice] 30#30: gracefully shutting down
2023/03/26 18:45:06 [notice] 31#31: gracefully shutting down
2023/03/26 18:45:06 [notice] 32#32: gracefully shutting down
2023/03/26 18:45:06 [notice] 33#33: gracefully shutting down
2023/03/26 18:45:06 [notice] 29#29: exit
2023/03/26 18:45:06 [notice] 30#30: exiting
2023/03/26 18:45:06 [notice] 31#31: exiting
2023/03/26 18:45:06 [notice] 32#32: exiting
2023/03/26 18:45:06 [notice] 33#33: exiting
2023/03/26 18:45:06 [notice] 30#30: exit
2023/03/26 18:45:06 [notice] 31#31: exit
2023/03/26 18:45:06 [notice] 32#32: exit
2023/03/26 18:45:06 [notice] 33#33: exit
2023/03/26 18:45:06 [notice] 1#1: signal 17 (SIGCHLD) received from 29
2023/03/26 18:45:06 [notice] 1#1: worker process 29 exited with code 0
2023/03/26 18:45:06 [notice] 1#1: signal 29 (SIGIO) received
2023/03/26 18:45:06 [notice] 1#1: signal 17 (SIGCHLD) received from 30
2023/03/26 18:45:06 [notice] 1#1: worker process 30 exited with code 0
2023/03/26 18:45:06 [notice] 1#1: worker process 32 exited with code 0
2023/03/26 18:45:06 [notice] 1#1: signal 29 (SIGIO) received
2023/03/26 18:45:06 [notice] 1#1: signal 17 (SIGCHLD) received from 32
2023/03/26 18:45:06 [notice] 1#1: signal 17 (SIGCHLD) received from 33
2023/03/26 18:45:06 [notice] 1#1: worker process 33 exited with code 0
2023/03/26 18:45:06 [notice] 1#1: signal 29 (SIGIO) received
2023/03/26 18:45:06 [notice] 1#1: signal 17 (SIGCHLD) received from 31
2023/03/26 18:45:06 [notice] 1#1: worker process 31 exited with code 0
2023/03/26 18:45:06 [notice] 1#1: exit
2023/03/26 18:45:16 [notice] 1#1: using the "epoll" event method
2023/03/26 18:45:16 [notice] 1#1: nginx/1.23.3
2023/03/26 18:45:16 [notice] 1#1: built by gcc 12.2.1 20220924 (Alpine 12.2.1_git20220924-r4) 
2023/03/26 18:45:16 [notice] 1#1: OS: Linux 5.15.49-linuxkit
2023/03/26 18:45:16 [notice] 1#1: getrlimit(RLIMIT_NOFILE): 1048576:1048576
2023/03/26 18:45:16 [notice] 1#1: start worker processes
2023/03/26 18:45:16 [notice] 1#1: start worker process 28
2023/03/26 18:45:16 [notice] 1#1: start worker process 29
2023/03/26 18:45:16 [notice] 1#1: start worker process 30
2023/03/26 18:45:16 [notice] 1#1: start worker process 31
2023/03/26 18:45:16 [notice] 1#1: start worker process 32
2023/03/26 18:45:18 [notice] 1#1: signal 3 (SIGQUIT) received, shutting down
2023/03/26 18:45:18 [notice] 30#30: gracefully shutting down
2023/03/26 18:45:18 [notice] 30#30: exiting
2023/03/26 18:45:18 [notice] 32#32: gracefully shutting down
2023/03/26 18:45:18 [notice] 28#28: gracefully shutting down
2023/03/26 18:45:18 [notice] 28#28: exiting
2023/03/26 18:45:18 [notice] 31#31: gracefully shutting down
2023/03/26 18:45:18 [notice] 29#29: gracefully shutting down
2023/03/26 18:45:18 [notice] 30#30: exit
2023/03/26 18:45:18 [notice] 32#32: exiting
2023/03/26 18:45:18 [notice] 28#28: exit
2023/03/26 18:45:18 [notice] 31#31: exiting
2023/03/26 18:45:18 [notice] 29#29: exiting
2023/03/26 18:45:18 [notice] 29#29: exit
2023/03/26 18:45:18 [notice] 32#32: exit
2023/03/26 18:45:18 [notice] 31#31: exit
2023/03/26 18:45:18 [notice] 1#1: signal 17 (SIGCHLD) received from 30
2023/03/26 18:45:18 [notice] 1#1: worker process 28 exited with code 0
2023/03/26 18:45:18 [notice] 1#1: worker process 30 exited with code 0
2023/03/26 18:45:18 [notice] 1#1: signal 29 (SIGIO) received
2023/03/26 18:45:18 [notice] 1#1: signal 17 (SIGCHLD) received from 28
2023/03/26 18:45:18 [notice] 1#1: worker process 29 exited with code 0
2023/03/26 18:45:18 [notice] 1#1: worker process 32 exited with code 0
2023/03/26 18:45:18 [notice] 1#1: signal 29 (SIGIO) received
2023/03/26 18:45:18 [notice] 1#1: signal 17 (SIGCHLD) received from 32
2023/03/26 18:45:18 [notice] 1#1: worker process 31 exited with code 0
2023/03/26 18:45:18 [notice] 1#1: exit
2023/03/26 18:45:35 [notice] 1#1: using the "epoll" event method
2023/03/26 18:45:35 [notice] 1#1: nginx/1.23.3
2023/03/26 18:45:35 [notice] 1#1: built by gcc 12.2.1 20220924 (Alpine 12.2.1_git20220924-r4) 
2023/03/26 18:45:35 [notice] 1#1: OS: Linux 5.15.49-linuxkit
2023/03/26 18:45:35 [notice] 1#1: getrlimit(RLIMIT_NOFILE): 1048576:1048576
2023/03/26 18:45:35 [notice] 1#1: start worker processes
2023/03/26 18:45:35 [notice] 1#1: start worker process 28
2023/03/26 18:45:35 [notice] 1#1: start worker process 29
2023/03/26 18:45:35 [notice] 1#1: start worker process 30
2023/03/26 18:45:35 [notice] 1#1: start worker process 31
2023/03/26 18:45:35 [notice] 1#1: start worker process 32
2023/03/26 18:53:57 [notice] 1#1: signal 3 (SIGQUIT) received, shutting down
2023/03/26 18:53:57 [notice] 29#29: gracefully shutting down
2023/03/26 18:53:57 [notice] 29#29: exiting
2023/03/26 18:53:57 [notice] 31#31: gracefully shutting down
2023/03/26 18:53:57 [notice] 31#31: exiting
2023/03/26 18:53:57 [notice] 28#28: gracefully shutting down
2023/03/26 18:53:57 [notice] 32#32: gracefully shutting down
2023/03/26 18:53:57 [notice] 32#32: exiting
2023/03/26 18:53:57 [notice] 30#30: gracefully shutting down
2023/03/26 18:53:57 [notice] 29#29: exit
2023/03/26 18:53:57 [notice] 31#31: exit
2023/03/26 18:53:57 [notice] 28#28: exiting
2023/03/26 18:53:57 [notice] 32#32: exit
2023/03/26 18:53:57 [notice] 30#30: exiting
2023/03/26 18:53:57 [notice] 30#30: exit
2023/03/26 18:53:57 [notice] 28#28: exit
2023/03/26 18:53:57 [notice] 1#1: signal 17 (SIGCHLD) received from 29
2023/03/26 18:53:57 [notice] 1#1: worker process 29 exited with code 0
2023/03/26 18:53:57 [notice] 1#1: signal 29 (SIGIO) received
2023/03/26 18:53:57 [notice] 1#1: signal 17 (SIGCHLD) received from 31
2023/03/26 18:53:57 [notice] 1#1: worker process 30 exited with code 0
2023/03/26 18:53:57 [notice] 1#1: worker process 31 exited with code 0
2023/03/26 18:53:57 [notice] 1#1: signal 29 (SIGIO) received
2023/03/26 18:53:57 [notice] 1#1: signal 17 (SIGCHLD) received from 30
2023/03/26 18:53:57 [notice] 1#1: worker process 28 exited with code 0
2023/03/26 18:53:57 [notice] 1#1: worker process 32 exited with code 0
2023/03/26 18:53:57 [notice] 1#1: exit
2023/03/26 18:54:40 [notice] 1#1: using the "epoll" event method
2023/03/26 18:54:40 [notice] 1#1: nginx/1.23.3
2023/03/26 18:54:40 [notice] 1#1: built by gcc 12.2.1 20220924 (Alpine 12.2.1_git20220924-r4) 
2023/03/26 18:54:40 [notice] 1#1: OS: Linux 5.15.49-linuxkit
2023/03/26 18:54:40 [notice] 1#1: getrlimit(RLIMIT_NOFILE): 1048576:1048576
2023/03/26 18:54:40 [notice] 1#1: start worker processes
2023/03/26 18:54:40 [notice] 1#1: start worker process 28
2023/03/26 18:54:40 [notice] 1#1: start worker process 29
2023/03/26 18:54:40 [notice] 1#1: start worker process 30
2023/03/26 18:54:40 [notice] 1#1: start worker process 31
2023/03/26 18:54:40 [notice] 1#1: start worker process 32
2023/03/26 18:57:59 [notice] 1#1: signal 3 (SIGQUIT) received, shutting down
2023/03/26 18:57:59 [notice] 31#31: gracefully shutting down
2023/03/26 18:57:59 [notice] 28#28: gracefully shutting down
2023/03/26 18:57:59 [notice] 28#28: exiting
2023/03/26 18:57:59 [notice] 32#32: gracefully shutting down
2023/03/26 18:57:59 [notice] 32#32: exiting
2023/03/26 18:57:59 [notice] 29#29: gracefully shutting down
2023/03/26 18:57:59 [notice] 30#30: gracefully shutting down
2023/03/26 18:57:59 [notice] 30#30: exiting
2023/03/26 18:57:59 [notice] 31#31: exiting
2023/03/26 18:57:59 [notice] 28#28: exit
2023/03/26 18:57:59 [notice] 32#32: exit
2023/03/26 18:57:59 [notice] 29#29: exiting
2023/03/26 18:57:59 [notice] 29#29: exit
2023/03/26 18:57:59 [notice] 30#30: exit
2023/03/26 18:57:59 [notice] 31#31: exit
2023/03/26 18:57:59 [notice] 1#1: signal 17 (SIGCHLD) received from 28
2023/03/26 18:57:59 [notice] 1#1: worker process 28 exited with code 0
2023/03/26 18:57:59 [notice] 1#1: signal 29 (SIGIO) received
2023/03/26 18:57:59 [notice] 1#1: signal 17 (SIGCHLD) received from 32
2023/03/26 18:57:59 [notice] 1#1: worker process 32 exited with code 0
2023/03/26 18:57:59 [notice] 1#1: signal 17 (SIGCHLD) received from 29
2023/03/26 18:57:59 [notice] 1#1: worker process 29 exited with code 0
2023/03/26 18:57:59 [notice] 1#1: worker process 30 exited with code 0
2023/03/26 18:57:59 [notice] 1#1: signal 17 (SIGCHLD) received from 30
2023/03/26 18:57:59 [notice] 1#1: signal 29 (SIGIO) received
2023/03/26 18:57:59 [notice] 1#1: signal 29 (SIGIO) received
2023/03/26 18:57:59 [notice] 1#1: signal 17 (SIGCHLD) received from 31
2023/03/26 18:57:59 [notice] 1#1: worker process 31 exited with code 0
2023/03/26 18:57:59 [notice] 1#1: exit
2023/03/26 18:58:12 [notice] 1#1: using the "epoll" event method
2023/03/26 18:58:12 [notice] 1#1: nginx/1.23.3
2023/03/26 18:58:12 [notice] 1#1: built by gcc 12.2.1 20220924 (Alpine 12.2.1_git20220924-r4) 
2023/03/26 18:58:12 [notice] 1#1: OS: Linux 5.15.49-linuxkit
2023/03/26 18:58:12 [notice] 1#1: getrlimit(RLIMIT_NOFILE): 1048576:1048576
2023/03/26 18:58:12 [notice] 1#1: start worker processes
2023/03/26 18:58:12 [notice] 1#1: start worker process 29
2023/03/26 18:58:12 [notice] 1#1: start worker process 30
2023/03/26 18:58:12 [notice] 1#1: start worker process 31
2023/03/26 18:58:12 [notice] 1#1: start worker process 32
2023/03/26 18:58:12 [notice] 1#1: start worker process 33
2023/03/26 19:02:08 [notice] 1#1: signal 3 (SIGQUIT) received, shutting down
2023/03/26 19:02:08 [notice] 32#32: gracefully shutting down
2023/03/26 19:02:08 [notice] 29#29: gracefully shutting down
2023/03/26 19:02:08 [notice] 31#31: gracefully shutting down
2023/03/26 19:02:08 [notice] 33#33: gracefully shutting down
2023/03/26 19:02:08 [notice] 33#33: exiting
2023/03/26 19:02:08 [notice] 30#30: gracefully shutting down
2023/03/26 19:02:08 [notice] 30#30: exiting
2023/03/26 19:02:08 [notice] 32#32: exiting
2023/03/26 19:02:08 [notice] 29#29: exiting
2023/03/26 19:02:08 [notice] 31#31: exiting
2023/03/26 19:02:08 [notice] 31#31: exit
2023/03/26 19:02:08 [notice] 33#33: exit
2023/03/26 19:02:08 [notice] 30#30: exit
2023/03/26 19:02:08 [notice] 32#32: exit
2023/03/26 19:02:08 [notice] 29#29: exit
2023/03/26 19:02:08 [notice] 1#1: signal 17 (SIGCHLD) received from 31
2023/03/26 19:02:08 [notice] 1#1: worker process 31 exited with code 0
2023/03/26 19:02:08 [notice] 1#1: worker process 33 exited with code 0
2023/03/26 19:02:08 [notice] 1#1: signal 29 (SIGIO) received
2023/03/26 19:02:08 [notice] 1#1: signal 17 (SIGCHLD) received from 33
2023/03/26 19:02:08 [notice] 1#1: signal 17 (SIGCHLD) received from 30
2023/03/26 19:02:08 [notice] 1#1: worker process 30 exited with code 0
2023/03/26 19:02:08 [notice] 1#1: signal 29 (SIGIO) received
2023/03/26 19:02:08 [notice] 1#1: signal 17 (SIGCHLD) received from 29
2023/03/26 19:02:08 [notice] 1#1: worker process 29 exited with code 0
2023/03/26 19:02:08 [notice] 1#1: worker process 32 exited with code 0
2023/03/26 19:02:08 [notice] 1#1: exit
2023/03/26 19:02:16 [notice] 1#1: using the "epoll" event method
2023/03/26 19:02:16 [notice] 1#1: nginx/1.23.3
2023/03/26 19:02:16 [notice] 1#1: built by gcc 12.2.1 20220924 (Alpine 12.2.1_git20220924-r4) 
2023/03/26 19:02:16 [notice] 1#1: OS: Linux 5.15.49-linuxkit
2023/03/26 19:02:16 [notice] 1#1: getrlimit(RLIMIT_NOFILE): 1048576:1048576
2023/03/26 19:02:16 [notice] 1#1: start worker processes
2023/03/26 19:02:16 [notice] 1#1: start worker process 29
2023/03/26 19:02:16 [notice] 1#1: start worker process 30
2023/03/26 19:02:16 [notice] 1#1: start worker process 31
2023/03/26 19:02:16 [notice] 1#1: start worker process 32
2023/03/26 19:02:16 [notice] 1#1: start worker process 33
2023/03/26 19:07:50 [notice] 1#1: signal 3 (SIGQUIT) received, shutting down
2023/03/26 19:07:50 [notice] 29#29: gracefully shutting down
2023/03/26 19:07:50 [notice] 29#29: exiting
2023/03/26 19:07:50 [notice] 30#30: gracefully shutting down
2023/03/26 19:07:50 [notice] 30#30: exiting
2023/03/26 19:07:50 [notice] 33#33: gracefully shutting down
2023/03/26 19:07:50 [notice] 31#31: gracefully shutting down
2023/03/26 19:07:50 [notice] 31#31: exiting
2023/03/26 19:07:50 [notice] 32#32: gracefully shutting down
2023/03/26 19:07:50 [notice] 29#29: exit
2023/03/26 19:07:50 [notice] 30#30: exit
2023/03/26 19:07:50 [notice] 33#33: exiting
2023/03/26 19:07:50 [notice] 33#33: exit
2023/03/26 19:07:50 [notice] 31#31: exit
2023/03/26 19:07:50 [notice] 32#32: exiting
2023/03/26 19:07:50 [notice] 32#32: exit
2023/03/26 19:07:50 [notice] 1#1: signal 17 (SIGCHLD) received from 29
2023/03/26 19:07:50 [notice] 1#1: worker process 29 exited with code 0
2023/03/26 19:07:50 [notice] 1#1: signal 29 (SIGIO) received
2023/03/26 19:07:50 [notice] 1#1: signal 17 (SIGCHLD) received from 32
2023/03/26 19:07:50 [notice] 1#1: worker process 32 exited with code 0
2023/03/26 19:07:50 [notice] 1#1: worker process 33 exited with code 0
2023/03/26 19:07:50 [notice] 1#1: signal 29 (SIGIO) received
2023/03/26 19:07:50 [notice] 1#1: signal 17 (SIGCHLD) received from 33
2023/03/26 19:07:50 [notice] 1#1: worker process 30 exited with code 0
2023/03/26 19:07:50 [notice] 1#1: worker process 31 exited with code 0
2023/03/26 19:07:50 [notice] 1#1: exit
2023/03/26 19:07:52 [notice] 1#1: using the "epoll" event method
2023/03/26 19:07:52 [notice] 1#1: nginx/1.23.3
2023/03/26 19:07:52 [notice] 1#1: built by gcc 12.2.1 20220924 (Alpine 12.2.1_git20220924-r4) 
2023/03/26 19:07:52 [notice] 1#1: OS: Linux 5.15.49-linuxkit
2023/03/26 19:07:52 [notice] 1#1: getrlimit(RLIMIT_NOFILE): 1048576:1048576
2023/03/26 19:07:52 [notice] 1#1: start worker processes
2023/03/26 19:07:52 [notice] 1#1: start worker process 28
2023/03/26 19:07:52 [notice] 1#1: start worker process 29
2023/03/26 19:07:52 [notice] 1#1: start worker process 30
2023/03/26 19:07:52 [notice] 1#1: start worker process 31
2023/03/26 19:07:52 [notice] 1#1: start worker process 32
2023/03/26 19:28:40 [notice] 1#1: signal 3 (SIGQUIT) received, shutting down
2023/03/26 19:28:40 [notice] 32#32: gracefully shutting down
2023/03/26 19:28:40 [notice] 28#28: gracefully shutting down
2023/03/26 19:28:40 [notice] 30#30: gracefully shutting down
2023/03/26 19:28:40 [notice] 30#30: exiting
2023/03/26 19:28:40 [notice] 29#29: gracefully shutting down
2023/03/26 19:28:40 [notice] 31#31: gracefully shutting down
2023/03/26 19:28:40 [notice] 32#32: exiting
2023/03/26 19:28:40 [notice] 31#31: exiting
2023/03/26 19:28:40 [notice] 28#28: exiting
2023/03/26 19:28:40 [notice] 30#30: exit
2023/03/26 19:28:40 [notice] 28#28: exit
2023/03/26 19:28:40 [notice] 29#29: exiting
2023/03/26 19:28:40 [notice] 32#32: exit
2023/03/26 19:28:40 [notice] 31#31: exit
2023/03/26 19:28:40 [notice] 29#29: exit
2023/03/26 19:28:40 [notice] 1#1: signal 17 (SIGCHLD) received from 32
2023/03/26 19:28:40 [notice] 1#1: worker process 32 exited with code 0
2023/03/26 19:28:40 [notice] 1#1: signal 29 (SIGIO) received
2023/03/26 19:28:40 [notice] 1#1: signal 17 (SIGCHLD) received from 28
2023/03/26 19:28:40 [notice] 1#1: worker process 28 exited with code 0
2023/03/26 19:28:40 [notice] 1#1: signal 29 (SIGIO) received
2023/03/26 19:28:40 [notice] 1#1: signal 17 (SIGCHLD) received from 29
2023/03/26 19:28:40 [notice] 1#1: worker process 29 exited with code 0
2023/03/26 19:28:40 [notice] 1#1: worker process 30 exited with code 0
2023/03/26 19:28:40 [notice] 1#1: signal 29 (SIGIO) received
2023/03/26 19:28:40 [notice] 1#1: signal 17 (SIGCHLD) received from 30
2023/03/26 19:28:40 [notice] 1#1: worker process 31 exited with code 0
2023/03/26 19:28:40 [notice] 1#1: exit
2023/03/26 19:29:06 [notice] 1#1: using the "epoll" event method
2023/03/26 19:29:06 [notice] 1#1: nginx/1.23.3
2023/03/26 19:29:06 [notice] 1#1: built by gcc 12.2.1 20220924 (Alpine 12.2.1_git20220924-r4) 
2023/03/26 19:29:06 [notice] 1#1: OS: Linux 5.15.49-linuxkit
2023/03/26 19:29:06 [notice] 1#1: getrlimit(RLIMIT_NOFILE): 1048576:1048576
2023/03/26 19:29:06 [notice] 1#1: start worker processes
2023/03/26 19:29:06 [notice] 1#1: start worker process 28
2023/03/26 19:29:06 [notice] 1#1: start worker process 29
2023/03/26 19:29:06 [notice] 1#1: start worker process 30
2023/03/26 19:29:06 [notice] 1#1: start worker process 31
2023/03/26 19:29:06 [notice] 1#1: start worker process 32
2023/03/26 19:41:43 [notice] 1#1: signal 3 (SIGQUIT) received, shutting down
2023/03/26 19:41:43 [notice] 32#32: gracefully shutting down
2023/03/26 19:41:43 [notice] 31#31: gracefully shutting down
2023/03/26 19:41:43 [notice] 28#28: gracefully shutting down
2023/03/26 19:41:43 [notice] 30#30: gracefully shutting down
2023/03/26 19:41:43 [notice] 29#29: gracefully shutting down
2023/03/26 19:41:43 [notice] 29#29: exiting
2023/03/26 19:41:43 [notice] 32#32: exiting
2023/03/26 19:41:43 [notice] 32#32: exit
2023/03/26 19:41:43 [notice] 31#31: exiting
2023/03/26 19:41:43 [notice] 28#28: exiting
2023/03/26 19:41:43 [notice] 30#30: exiting
2023/03/26 19:41:43 [notice] 29#29: exit
2023/03/26 19:41:43 [notice] 31#31: exit
2023/03/26 19:41:43 [notice] 28#28: exit
2023/03/26 19:41:43 [notice] 30#30: exit
2023/03/26 19:41:43 [notice] 1#1: signal 17 (SIGCHLD) received from 29
2023/03/26 19:41:43 [notice] 1#1: worker process 29 exited with code 0
2023/03/26 19:41:43 [notice] 1#1: signal 29 (SIGIO) received
2023/03/26 19:41:43 [notice] 1#1: signal 17 (SIGCHLD) received from 30
2023/03/26 19:41:43 [notice] 1#1: worker process 30 exited with code 0
2023/03/26 19:41:43 [notice] 1#1: signal 29 (SIGIO) received
2023/03/26 19:41:43 [notice] 1#1: signal 17 (SIGCHLD) received from 32
2023/03/26 19:41:43 [notice] 1#1: worker process 32 exited with code 0
2023/03/26 19:41:43 [notice] 1#1: signal 29 (SIGIO) received
2023/03/26 19:41:43 [notice] 1#1: signal 17 (SIGCHLD) received from 28
2023/03/26 19:41:43 [notice] 1#1: worker process 28 exited with code 0
2023/03/26 19:41:43 [notice] 1#1: worker process 31 exited with code 0
2023/03/26 19:41:43 [notice] 1#1: exit
2025/04/06 06:19:54 [notice] 1#1: using the "epoll" event method
2025/04/06 06:19:54 [notice] 1#1: nginx/1.27.4
2025/04/06 06:19:54 [notice] 1#1: built by gcc 14.2.0 (Alpine 14.2.0) 
2025/04/06 06:19:54 [notice] 1#1: OS: Linux 6.10.14-linuxkit
2025/04/06 06:19:54 [notice] 1#1: getrlimit(RLIMIT_NOFILE): 1048576:1048576
2025/04/06 06:19:54 [notice] 1#1: start worker processes
2025/04/06 06:19:54 [notice] 1#1: start worker process 29
2025/04/06 06:19:54 [notice] 1#1: start worker process 30
2025/04/06 06:19:54 [notice] 1#1: start worker process 31
2025/04/06 06:19:54 [notice] 1#1: start worker process 32
2025/04/06 06:19:54 [notice] 1#1: start worker process 33
2025/04/06 06:19:54 [notice] 1#1: start worker process 34
2025/04/06 06:19:54 [notice] 1#1: start worker process 35
2025/04/06 06:19:54 [notice] 1#1: start worker process 36
2025/04/06 06:24:44 [notice] 1#1: signal 3 (SIGQUIT) received, shutting down
2025/04/06 06:24:44 [notice] 32#32: gracefully shutting down
2025/04/06 06:24:44 [notice] 31#31: gracefully shutting down
2025/04/06 06:24:44 [notice] 31#31: exiting
2025/04/06 06:24:44 [notice] 33#33: gracefully shutting down
2025/04/06 06:24:44 [notice] 35#35: gracefully shutting down
2025/04/06 06:24:44 [notice] 30#30: gracefully shutting down
2025/04/06 06:24:44 [notice] 29#29: gracefully shutting down
2025/04/06 06:24:44 [notice] 36#36: gracefully shutting down
2025/04/06 06:24:44 [notice] 34#34: gracefully shutting down
2025/04/06 06:24:44 [notice] 36#36: exiting
2025/04/06 06:24:44 [notice] 32#32: exiting
2025/04/06 06:24:44 [notice] 31#31: exit
2025/04/06 06:24:44 [notice] 33#33: exiting
2025/04/06 06:24:44 [notice] 35#35: exiting
2025/04/06 06:24:44 [notice] 30#30: exiting
2025/04/06 06:24:44 [notice] 29#29: exiting
2025/04/06 06:24:44 [notice] 34#34: exiting
2025/04/06 06:24:44 [notice] 36#36: exit
2025/04/06 06:24:44 [notice] 32#32: exit
2025/04/06 06:24:44 [notice] 33#33: exit
2025/04/06 06:24:44 [notice] 35#35: exit
2025/04/06 06:24:44 [notice] 30#30: exit
2025/04/06 06:24:44 [notice] 29#29: exit
2025/04/06 06:24:44 [notice] 34#34: exit
2025/04/06 06:24:44 [notice] 1#1: signal 17 (SIGCHLD) received from 31
2025/04/06 06:24:44 [notice] 1#1: worker process 31 exited with code 0
2025/04/06 06:24:44 [notice] 1#1: signal 29 (SIGIO) received
2025/04/06 06:24:44 [notice] 1#1: signal 17 (SIGCHLD) received from 35
2025/04/06 06:24:44 [notice] 1#1: worker process 30 exited with code 0
2025/04/06 06:24:44 [notice] 1#1: worker process 32 exited with code 0
2025/04/06 06:24:44 [notice] 1#1: worker process 34 exited with code 0
2025/04/06 06:24:44 [notice] 1#1: worker process 29 exited with code 0
2025/04/06 06:24:44 [notice] 1#1: worker process 33 exited with code 0
2025/04/06 06:24:44 [notice] 1#1: worker process 35 exited with code 0
2025/04/06 06:24:44 [notice] 1#1: worker process 36 exited with code 0
2025/04/06 06:24:44 [notice] 1#1: exit
2025/04/06 06:26:22 [notice] 1#1: using the "epoll" event method
2025/04/06 06:26:22 [notice] 1#1: nginx/1.27.4
2025/04/06 06:26:22 [notice] 1#1: built by gcc 14.2.0 (Alpine 14.2.0) 
2025/04/06 06:26:22 [notice] 1#1: OS: Linux 6.10.14-linuxkit
2025/04/06 06:26:22 [notice] 1#1: getrlimit(RLIMIT_NOFILE): 1048576:1048576
2025/04/06 06:26:22 [notice] 1#1: start worker processes
2025/04/06 06:26:22 [notice] 1#1: start worker process 28
2025/04/06 06:26:22 [notice] 1#1: start worker process 29
2025/04/06 06:26:22 [notice] 1#1: start worker process 30
2025/04/06 06:26:22 [notice] 1#1: start worker process 31
2025/04/06 06:26:22 [notice] 1#1: start worker process 32
2025/04/06 06:26:22 [notice] 1#1: start worker process 33
2025/04/06 06:26:22 [notice] 1#1: start worker process 34
2025/04/06 06:26:22 [notice] 1#1: start worker process 35
2025/04/06 06:39:11 [notice] 1#1: signal 3 (SIGQUIT) received, shutting down
2025/04/06 06:39:11 [notice] 30#30: gracefully shutting down
2025/04/06 06:39:11 [notice] 29#29: gracefully shutting down
2025/04/06 06:39:11 [notice] 28#28: gracefully shutting down
2025/04/06 06:39:11 [notice] 31#31: gracefully shutting down
2025/04/06 06:39:11 [notice] 33#33: gracefully shutting down
2025/04/06 06:39:11 [notice] 32#32: gracefully shutting down
2025/04/06 06:39:11 [notice] 35#35: gracefully shutting down
2025/04/06 06:39:11 [notice] 34#34: gracefully shutting down
2025/04/06 06:39:11 [notice] 30#30: exiting
2025/04/06 06:39:11 [notice] 29#29: exiting
2025/04/06 06:39:11 [notice] 30#30: exit
2025/04/06 06:39:11 [notice] 28#28: exiting
2025/04/06 06:39:11 [notice] 31#31: exiting
2025/04/06 06:39:11 [notice] 33#33: exiting
2025/04/06 06:39:11 [notice] 32#32: exiting
2025/04/06 06:39:11 [notice] 35#35: exiting
2025/04/06 06:39:11 [notice] 34#34: exiting
2025/04/06 06:39:11 [notice] 29#29: exit
2025/04/06 06:39:11 [notice] 28#28: exit
2025/04/06 06:39:11 [notice] 31#31: exit
2025/04/06 06:39:11 [notice] 33#33: exit
2025/04/06 06:39:11 [notice] 32#32: exit
2025/04/06 06:39:11 [notice] 35#35: exit
2025/04/06 06:39:11 [notice] 34#34: exit
2025/04/06 06:39:11 [notice] 1#1: signal 17 (SIGCHLD) received from 29
2025/04/06 06:39:11 [notice] 1#1: worker process 29 exited with code 0
2025/04/06 06:39:11 [notice] 1#1: worker process 31 exited with code 0
2025/04/06 06:39:11 [notice] 1#1: worker process 33 exited with code 0
2025/04/06 06:39:11 [notice] 1#1: signal 29 (SIGIO) received
2025/04/06 06:39:11 [notice] 1#1: signal 17 (SIGCHLD) received from 33
2025/04/06 06:39:11 [notice] 1#1: signal 17 (SIGCHLD) received from 28
2025/04/06 06:39:11 [notice] 1#1: worker process 28 exited with code 0
2025/04/06 06:39:11 [notice] 1#1: worker process 30 exited with code 0
2025/04/06 06:39:11 [notice] 1#1: worker process 32 exited with code 0
2025/04/06 06:39:11 [notice] 1#1: worker process 34 exited with code 0
2025/04/06 06:39:11 [notice] 1#1: worker process 35 exited with code 0
2025/04/06 06:39:11 [notice] 1#1: exit
2025/04/06 06:39:14 [notice] 1#1: using the "epoll" event method
2025/04/06 06:39:14 [notice] 1#1: nginx/1.27.4
2025/04/06 06:39:14 [notice] 1#1: built by gcc 14.2.0 (Alpine 14.2.0) 
2025/04/06 06:39:14 [notice] 1#1: OS: Linux 6.10.14-linuxkit
2025/04/06 06:39:14 [notice] 1#1: getrlimit(RLIMIT_NOFILE): 1048576:1048576
2025/04/06 06:39:14 [notice] 1#1: start worker processes
2025/04/06 06:39:14 [notice] 1#1: start worker process 29
2025/04/06 06:39:14 [notice] 1#1: start worker process 30
2025/04/06 06:39:14 [notice] 1#1: start worker process 31
2025/04/06 06:39:14 [notice] 1#1: start worker process 32
2025/04/06 06:39:14 [notice] 1#1: start worker process 33
2025/04/06 06:39:14 [notice] 1#1: start worker process 34
2025/04/06 06:39:14 [notice] 1#1: start worker process 35
2025/04/06 06:39:14 [notice] 1#1: start worker process 36
2025/04/06 06:40:55 [notice] 1#1: signal 3 (SIGQUIT) received, shutting down
2025/04/06 06:40:55 [notice] 32#32: gracefully shutting down
2025/04/06 06:40:55 [notice] 32#32: exiting
2025/04/06 06:40:55 [notice] 30#30: gracefully shutting down
2025/04/06 06:40:55 [notice] 33#33: gracefully shutting down
2025/04/06 06:40:55 [notice] 33#33: exiting
2025/04/06 06:40:55 [notice] 34#34: gracefully shutting down
2025/04/06 06:40:55 [notice] 34#34: exiting
2025/04/06 06:40:55 [notice] 36#36: gracefully shutting down
2025/04/06 06:40:55 [notice] 36#36: exiting
2025/04/06 06:40:55 [notice] 35#35: gracefully shutting down
2025/04/06 06:40:55 [notice] 36#36: exit
2025/04/06 06:40:55 [notice] 29#29: gracefully shutting down
2025/04/06 06:40:55 [notice] 31#31: gracefully shutting down
2025/04/06 06:40:55 [notice] 31#31: exiting
2025/04/06 06:40:55 [notice] 32#32: exit
2025/04/06 06:40:55 [notice] 30#30: exiting
2025/04/06 06:40:55 [notice] 33#33: exit
2025/04/06 06:40:55 [notice] 34#34: exit
2025/04/06 06:40:55 [notice] 35#35: exiting
2025/04/06 06:40:55 [notice] 29#29: exiting
2025/04/06 06:40:55 [notice] 31#31: exit
2025/04/06 06:40:55 [notice] 30#30: exit
2025/04/06 06:40:55 [notice] 35#35: exit
2025/04/06 06:40:55 [notice] 29#29: exit
2025/04/06 06:40:55 [notice] 1#1: signal 17 (SIGCHLD) received from 33
2025/04/06 06:40:55 [notice] 1#1: worker process 33 exited with code 0
2025/04/06 06:40:55 [notice] 1#1: signal 29 (SIGIO) received
2025/04/06 06:40:55 [notice] 1#1: signal 17 (SIGCHLD) received from 29
2025/04/06 06:40:55 [notice] 1#1: worker process 29 exited with code 0
2025/04/06 06:40:55 [notice] 1#1: worker process 30 exited with code 0
2025/04/06 06:40:55 [notice] 1#1: worker process 31 exited with code 0
2025/04/06 06:40:55 [notice] 1#1: worker process 32 exited with code 0
2025/04/06 06:40:55 [notice] 1#1: worker process 34 exited with code 0
2025/04/06 06:40:55 [notice] 1#1: worker process 35 exited with code 0
2025/04/06 06:40:55 [notice] 1#1: worker process 36 exited with code 0
2025/04/06 06:40:55 [notice] 1#1: exit
2025/04/06 06:41:00 [warn] 1#1: conflicting server name "" on 0.0.0.0:80, ignored
2025/04/06 06:41:00 [warn] 1#1: conflicting server name "" on [::]:80, ignored
2025/04/06 06:41:00 [notice] 1#1: using the "epoll" event method
2025/04/06 06:41:00 [notice] 1#1: nginx/1.27.4
2025/04/06 06:41:00 [notice] 1#1: built by gcc 14.2.0 (Alpine 14.2.0) 
2025/04/06 06:41:00 [notice] 1#1: OS: Linux 6.10.14-linuxkit
2025/04/06 06:41:00 [notice] 1#1: getrlimit(RLIMIT_NOFILE): 1048576:1048576
2025/04/06 06:41:00 [notice] 1#1: start worker processes
2025/04/06 06:41:00 [notice] 1#1: start worker process 29
2025/04/06 06:41:00 [notice] 1#1: start worker process 30
2025/04/06 06:41:00 [notice] 1#1: start worker process 31
2025/04/06 06:41:00 [notice] 1#1: start worker process 32
2025/04/06 06:41:00 [notice] 1#1: start worker process 33
2025/04/06 06:41:00 [notice] 1#1: start worker process 34
2025/04/06 06:41:00 [notice] 1#1: start worker process 35
2025/04/06 06:41:00 [notice] 1#1: start worker process 36
2025/04/06 06:42:05 [notice] 1#1: signal 3 (SIGQUIT) received, shutting down
2025/04/06 06:42:05 [notice] 31#31: gracefully shutting down
2025/04/06 06:42:05 [notice] 29#29: gracefully shutting down
2025/04/06 06:42:05 [notice] 29#29: exiting
2025/04/06 06:42:05 [notice] 29#29: exit
2025/04/06 06:42:05 [notice] 32#32: gracefully shutting down
2025/04/06 06:42:05 [notice] 32#32: exiting
2025/04/06 06:42:05 [notice] 33#33: gracefully shutting down
2025/04/06 06:42:05 [notice] 36#36: gracefully shutting down
2025/04/06 06:42:05 [notice] 34#34: gracefully shutting down
2025/04/06 06:42:05 [notice] 34#34: exiting
2025/04/06 06:42:05 [notice] 35#35: gracefully shutting down
2025/04/06 06:42:05 [notice] 35#35: exiting
2025/04/06 06:42:05 [notice] 30#30: gracefully shutting down
2025/04/06 06:42:05 [notice] 31#31: exiting
2025/04/06 06:42:05 [notice] 32#32: exit
2025/04/06 06:42:05 [notice] 33#33: exiting
2025/04/06 06:42:05 [notice] 36#36: exiting
2025/04/06 06:42:05 [notice] 34#34: exit
2025/04/06 06:42:05 [notice] 36#36: exit
2025/04/06 06:42:05 [notice] 30#30: exiting
2025/04/06 06:42:05 [notice] 35#35: exit
2025/04/06 06:42:05 [notice] 30#30: exit
2025/04/06 06:42:05 [notice] 31#31: exit
2025/04/06 06:42:05 [notice] 33#33: exit
2025/04/06 06:42:05 [notice] 1#1: signal 17 (SIGCHLD) received from 34
2025/04/06 06:42:05 [notice] 1#1: worker process 29 exited with code 0
2025/04/06 06:42:05 [notice] 1#1: worker process 30 exited with code 0
2025/04/06 06:42:05 [notice] 1#1: worker process 31 exited with code 0
2025/04/06 06:42:05 [notice] 1#1: worker process 32 exited with code 0
2025/04/06 06:42:05 [notice] 1#1: worker process 33 exited with code 0
2025/04/06 06:42:05 [notice] 1#1: worker process 34 exited with code 0
2025/04/06 06:42:05 [notice] 1#1: worker process 35 exited with code 0
2025/04/06 06:42:05 [notice] 1#1: worker process 36 exited with code 0
2025/04/06 06:42:05 [notice] 1#1: exit
2025/04/06 06:42:07 [notice] 1#1: using the "epoll" event method
2025/04/06 06:42:07 [notice] 1#1: nginx/1.27.4
2025/04/06 06:42:07 [notice] 1#1: built by gcc 14.2.0 (Alpine 14.2.0) 
2025/04/06 06:42:07 [notice] 1#1: OS: Linux 6.10.14-linuxkit
2025/04/06 06:42:07 [notice] 1#1: getrlimit(RLIMIT_NOFILE): 1048576:1048576
2025/04/06 06:42:07 [notice] 1#1: start worker processes
2025/04/06 06:42:07 [notice] 1#1: start worker process 29
2025/04/06 06:42:07 [notice] 1#1: start worker process 30
2025/04/06 06:42:07 [notice] 1#1: start worker process 31
2025/04/06 06:42:07 [notice] 1#1: start worker process 32
2025/04/06 06:42:07 [notice] 1#1: start worker process 33
2025/04/06 06:42:07 [notice] 1#1: start worker process 34
2025/04/06 06:42:07 [notice] 1#1: start worker process 35
2025/04/06 06:42:07 [notice] 1#1: start worker process 36
2025/04/06 06:43:06 [notice] 1#1: signal 3 (SIGQUIT) received, shutting down
2025/04/06 06:43:06 [notice] 29#29: gracefully shutting down
2025/04/06 06:43:06 [notice] 29#29: exiting
2025/04/06 06:43:06 [notice] 30#30: gracefully shutting down
2025/04/06 06:43:06 [notice] 30#30: exiting
2025/04/06 06:43:06 [notice] 31#31: gracefully shutting down
2025/04/06 06:43:06 [notice] 34#34: gracefully shutting down
2025/04/06 06:43:06 [notice] 34#34: exiting
2025/04/06 06:43:06 [notice] 33#33: gracefully shutting down
2025/04/06 06:43:06 [notice] 34#34: exit
2025/04/06 06:43:06 [notice] 35#35: gracefully shutting down
2025/04/06 06:43:06 [notice] 35#35: exiting
2025/04/06 06:43:06 [notice] 36#36: gracefully shutting down
2025/04/06 06:43:06 [notice] 36#36: exiting
2025/04/06 06:43:06 [notice] 32#32: gracefully shutting down
2025/04/06 06:43:06 [notice] 29#29: exit
2025/04/06 06:43:06 [notice] 30#30: exit
2025/04/06 06:43:06 [notice] 31#31: exiting
2025/04/06 06:43:06 [notice] 33#33: exiting
2025/04/06 06:43:06 [notice] 35#35: exit
2025/04/06 06:43:06 [notice] 33#33: exit
2025/04/06 06:43:06 [notice] 36#36: exit
2025/04/06 06:43:06 [notice] 32#32: exiting
2025/04/06 06:43:06 [notice] 31#31: exit
2025/04/06 06:43:06 [notice] 32#32: exit
2025/04/06 06:43:06 [notice] 1#1: signal 17 (SIGCHLD) received from 36
2025/04/06 06:43:06 [notice] 1#1: worker process 29 exited with code 0
2025/04/06 06:43:06 [notice] 1#1: worker process 30 exited with code 0
2025/04/06 06:43:06 [notice] 1#1: worker process 31 exited with code 0
2025/04/06 06:43:06 [notice] 1#1: worker process 32 exited with code 0
2025/04/06 06:43:06 [notice] 1#1: worker process 33 exited with code 0
2025/04/06 06:43:06 [notice] 1#1: worker process 34 exited with code 0
2025/04/06 06:43:06 [notice] 1#1: worker process 35 exited with code 0
2025/04/06 06:43:06 [notice] 1#1: worker process 36 exited with code 0
2025/04/06 06:43:06 [notice] 1#1: exit
2025/04/06 06:43:08 [emerg] 1#1: directive "server_name" is not terminated by ";" in /etc/nginx/conf.d/site1.conf:14
2025/04/06 06:43:47 [warn] 1#1: conflicting server name "localhost" on 0.0.0.0:80, ignored
2025/04/06 06:43:47 [warn] 1#1: conflicting server name "localhost" on 0.0.0.0:80, ignored
2025/04/06 06:43:47 [warn] 1#1: conflicting server name "localhost" on [::]:80, ignored
2025/04/06 06:43:47 [warn] 1#1: conflicting server name "localhost" on [::]:80, ignored
2025/04/06 06:43:47 [notice] 1#1: using the "epoll" event method
2025/04/06 06:43:47 [notice] 1#1: nginx/1.27.4
2025/04/06 06:43:47 [notice] 1#1: built by gcc 14.2.0 (Alpine 14.2.0) 
2025/04/06 06:43:47 [notice] 1#1: OS: Linux 6.10.14-linuxkit
2025/04/06 06:43:47 [notice] 1#1: getrlimit(RLIMIT_NOFILE): 1048576:1048576
2025/04/06 06:43:47 [notice] 1#1: start worker processes
2025/04/06 06:43:47 [notice] 1#1: start worker process 29
2025/04/06 06:43:47 [notice] 1#1: start worker process 30
2025/04/06 06:43:47 [notice] 1#1: start worker process 31
2025/04/06 06:43:47 [notice] 1#1: start worker process 32
2025/04/06 06:43:47 [notice] 1#1: start worker process 33
2025/04/06 06:43:47 [notice] 1#1: start worker process 34
2025/04/06 06:43:47 [notice] 1#1: start worker process 35
2025/04/06 06:43:47 [notice] 1#1: start worker process 36
2025/04/06 06:45:09 [notice] 1#1: signal 3 (SIGQUIT) received, shutting down
2025/04/06 06:45:09 [notice] 31#31: gracefully shutting down
2025/04/06 06:45:09 [notice] 31#31: exiting
2025/04/06 06:45:09 [notice] 30#30: gracefully shutting down
2025/04/06 06:45:09 [notice] 30#30: exiting
2025/04/06 06:45:09 [notice] 29#29: gracefully shutting down
2025/04/06 06:45:09 [notice] 29#29: exiting
2025/04/06 06:45:09 [notice] 32#32: gracefully shutting down
2025/04/06 06:45:09 [notice] 32#32: exiting
2025/04/06 06:45:09 [notice] 33#33: gracefully shutting down
2025/04/06 06:45:09 [notice] 34#34: gracefully shutting down
2025/04/06 06:45:09 [notice] 34#34: exiting
2025/04/06 06:45:09 [notice] 35#35: gracefully shutting down
2025/04/06 06:45:09 [notice] 35#35: exiting
2025/04/06 06:45:09 [notice] 36#36: gracefully shutting down
2025/04/06 06:45:09 [notice] 31#31: exit
2025/04/06 06:45:09 [notice] 30#30: exit
2025/04/06 06:45:09 [notice] 29#29: exit
2025/04/06 06:45:09 [notice] 32#32: exit
2025/04/06 06:45:09 [notice] 33#33: exiting
2025/04/06 06:45:09 [notice] 34#34: exit
2025/04/06 06:45:09 [notice] 33#33: exit
2025/04/06 06:45:09 [notice] 35#35: exit
2025/04/06 06:45:09 [notice] 36#36: exiting
2025/04/06 06:45:09 [notice] 36#36: exit
2025/04/06 06:45:09 [notice] 1#1: signal 17 (SIGCHLD) received from 31
2025/04/06 06:45:09 [notice] 1#1: worker process 30 exited with code 0
2025/04/06 06:45:09 [notice] 1#1: worker process 31 exited with code 0
2025/04/06 06:45:09 [notice] 1#1: signal 29 (SIGIO) received
2025/04/06 06:45:09 [notice] 1#1: signal 17 (SIGCHLD) received from 30
2025/04/06 06:45:09 [notice] 1#1: signal 17 (SIGCHLD) received from 33
2025/04/06 06:45:09 [notice] 1#1: worker process 32 exited with code 0
2025/04/06 06:45:09 [notice] 1#1: worker process 33 exited with code 0
2025/04/06 06:45:09 [notice] 1#1: signal 29 (SIGIO) received
2025/04/06 06:45:09 [notice] 1#1: signal 17 (SIGCHLD) received from 32
2025/04/06 06:45:09 [notice] 1#1: signal 17 (SIGCHLD) received from 36
2025/04/06 06:45:09 [notice] 1#1: worker process 29 exited with code 0
2025/04/06 06:45:09 [notice] 1#1: worker process 34 exited with code 0
2025/04/06 06:45:09 [notice] 1#1: worker process 35 exited with code 0
2025/04/06 06:45:09 [notice] 1#1: worker process 36 exited with code 0
2025/04/06 06:45:09 [notice] 1#1: exit
2025/04/06 06:45:11 [notice] 1#1: using the "epoll" event method
2025/04/06 06:45:11 [notice] 1#1: nginx/1.27.4
2025/04/06 06:45:11 [notice] 1#1: built by gcc 14.2.0 (Alpine 14.2.0) 
2025/04/06 06:45:11 [notice] 1#1: OS: Linux 6.10.14-linuxkit
2025/04/06 06:45:11 [notice] 1#1: getrlimit(RLIMIT_NOFILE): 1048576:1048576
2025/04/06 06:45:11 [notice] 1#1: start worker processes
2025/04/06 06:45:11 [notice] 1#1: start worker process 29
2025/04/06 06:45:11 [notice] 1#1: start worker process 30
2025/04/06 06:45:11 [notice] 1#1: start worker process 31
2025/04/06 06:45:11 [notice] 1#1: start worker process 32
2025/04/06 06:45:11 [notice] 1#1: start worker process 33
2025/04/06 06:45:11 [notice] 1#1: start worker process 34
2025/04/06 06:45:11 [notice] 1#1: start worker process 35
2025/04/06 06:45:11 [notice] 1#1: start worker process 36
2025/04/06 11:28:50 [notice] 1#1: signal 3 (SIGQUIT) received, shutting down
2025/04/06 11:28:50 [notice] 29#29: gracefully shutting down
2025/04/06 11:28:50 [notice] 31#31: gracefully shutting down
2025/04/06 11:28:50 [notice] 33#33: gracefully shutting down
2025/04/06 11:28:50 [notice] 34#34: gracefully shutting down
2025/04/06 11:28:50 [notice] 30#30: gracefully shutting down
2025/04/06 11:28:50 [notice] 29#29: exiting
2025/04/06 11:28:50 [notice] 35#35: gracefully shutting down
2025/04/06 11:28:50 [notice] 32#32: gracefully shutting down
2025/04/06 11:28:50 [notice] 36#36: gracefully shutting down
2025/04/06 11:28:50 [notice] 33#33: exiting
2025/04/06 11:28:50 [notice] 31#31: exiting
2025/04/06 11:28:50 [notice] 34#34: exiting
2025/04/06 11:28:50 [notice] 30#30: exiting
2025/04/06 11:28:50 [notice] 32#32: exiting
2025/04/06 11:28:50 [notice] 35#35: exiting
2025/04/06 11:28:50 [notice] 32#32: exit
2025/04/06 11:28:50 [notice] 36#36: exiting
2025/04/06 11:28:50 [notice] 29#29: exit
2025/04/06 11:28:50 [notice] 33#33: exit
2025/04/06 11:28:50 [notice] 31#31: exit
2025/04/06 11:28:50 [notice] 34#34: exit
2025/04/06 11:28:50 [notice] 30#30: exit
2025/04/06 11:28:50 [notice] 35#35: exit
2025/04/06 11:28:50 [notice] 36#36: exit
2025/04/06 11:28:50 [notice] 1#1: signal 17 (SIGCHLD) received from 32
2025/04/06 11:28:50 [notice] 1#1: worker process 32 exited with code 0
2025/04/06 11:28:50 [notice] 1#1: signal 29 (SIGIO) received
2025/04/06 11:28:50 [notice] 1#1: signal 17 (SIGCHLD) received from 31
2025/04/06 11:28:50 [notice] 1#1: worker process 31 exited with code 0
2025/04/06 11:28:50 [notice] 1#1: signal 29 (SIGIO) received
2025/04/06 11:28:50 [notice] 1#1: signal 17 (SIGCHLD) received from 36
2025/04/06 11:28:50 [notice] 1#1: worker process 29 exited with code 0
2025/04/06 11:28:50 [notice] 1#1: worker process 30 exited with code 0
2025/04/06 11:28:50 [notice] 1#1: worker process 33 exited with code 0
2025/04/06 11:28:50 [notice] 1#1: worker process 34 exited with code 0
2025/04/06 11:28:50 [notice] 1#1: worker process 35 exited with code 0
2025/04/06 11:28:50 [notice] 1#1: worker process 36 exited with code 0
2025/04/06 11:28:50 [notice] 1#1: exit
2025/04/06 11:28:53 [notice] 1#1: using the "epoll" event method
2025/04/06 11:28:53 [notice] 1#1: nginx/1.27.4
2025/04/06 11:28:53 [notice] 1#1: built by gcc 14.2.0 (Alpine 14.2.0) 
2025/04/06 11:28:53 [notice] 1#1: OS: Linux 6.10.14-linuxkit
2025/04/06 11:28:53 [notice] 1#1: getrlimit(RLIMIT_NOFILE): 1048576:1048576
2025/04/06 11:28:53 [notice] 1#1: start worker processes
2025/04/06 11:28:53 [notice] 1#1: start worker process 29
2025/04/06 11:28:53 [notice] 1#1: start worker process 30
2025/04/06 11:28:53 [notice] 1#1: start worker process 31
2025/04/06 11:28:53 [notice] 1#1: start worker process 32
2025/04/06 11:28:53 [notice] 1#1: start worker process 33
2025/04/06 11:28:53 [notice] 1#1: start worker process 34
2025/04/06 11:28:53 [notice] 1#1: start worker process 35
2025/04/06 11:28:53 [notice] 1#1: start worker process 36
2025/04/06 11:33:39 [notice] 1#1: signal 3 (SIGQUIT) received, shutting down
2025/04/06 11:33:39 [notice] 29#29: gracefully shutting down
2025/04/06 11:33:39 [notice] 29#29: exiting
2025/04/06 11:33:39 [notice] 30#30: gracefully shutting down
2025/04/06 11:33:39 [notice] 31#31: gracefully shutting down
2025/04/06 11:33:39 [notice] 33#33: gracefully shutting down
2025/04/06 11:33:39 [notice] 35#35: gracefully shutting down
2025/04/06 11:33:39 [notice] 32#32: gracefully shutting down
2025/04/06 11:33:39 [notice] 35#35: exiting
2025/04/06 11:33:39 [notice] 34#34: gracefully shutting down
2025/04/06 11:33:39 [notice] 36#36: gracefully shutting down
2025/04/06 11:33:39 [notice] 29#29: exit
2025/04/06 11:33:39 [notice] 36#36: exiting
2025/04/06 11:33:39 [notice] 30#30: exiting
2025/04/06 11:33:39 [notice] 31#31: exiting
2025/04/06 11:33:39 [notice] 31#31: exit
2025/04/06 11:33:39 [notice] 33#33: exiting
2025/04/06 11:33:39 [notice] 32#32: exiting
2025/04/06 11:33:39 [notice] 33#33: exit
2025/04/06 11:33:39 [notice] 35#35: exit
2025/04/06 11:33:39 [notice] 34#34: exiting
2025/04/06 11:33:39 [notice] 36#36: exit
2025/04/06 11:33:39 [notice] 30#30: exit
2025/04/06 11:33:39 [notice] 32#32: exit
2025/04/06 11:33:39 [notice] 34#34: exit
2025/04/06 11:33:39 [notice] 1#1: signal 17 (SIGCHLD) received from 32
2025/04/06 11:33:39 [notice] 1#1: worker process 32 exited with code 0
2025/04/06 11:33:39 [notice] 1#1: signal 29 (SIGIO) received
2025/04/06 11:33:39 [notice] 1#1: signal 17 (SIGCHLD) received from 30
2025/04/06 11:33:39 [notice] 1#1: worker process 29 exited with code 0
2025/04/06 11:33:39 [notice] 1#1: worker process 30 exited with code 0
2025/04/06 11:33:39 [notice] 1#1: worker process 31 exited with code 0
2025/04/06 11:33:39 [notice] 1#1: worker process 33 exited with code 0
2025/04/06 11:33:39 [notice] 1#1: worker process 34 exited with code 0
2025/04/06 11:33:39 [notice] 1#1: worker process 35 exited with code 0
2025/04/06 11:33:39 [notice] 1#1: worker process 36 exited with code 0
2025/04/06 11:33:39 [notice] 1#1: exit
2025/04/06 11:33:42 [notice] 1#1: using the "epoll" event method
2025/04/06 11:33:42 [notice] 1#1: nginx/1.27.4
2025/04/06 11:33:42 [notice] 1#1: built by gcc 14.2.0 (Alpine 14.2.0) 
2025/04/06 11:33:42 [notice] 1#1: OS: Linux 6.10.14-linuxkit
2025/04/06 11:33:42 [notice] 1#1: getrlimit(RLIMIT_NOFILE): 1048576:1048576
2025/04/06 11:33:42 [notice] 1#1: start worker processes
2025/04/06 11:33:42 [notice] 1#1: start worker process 29
2025/04/06 11:33:42 [notice] 1#1: start worker process 30
2025/04/06 11:33:42 [notice] 1#1: start worker process 31
2025/04/06 11:33:42 [notice] 1#1: start worker process 32
2025/04/06 11:33:42 [notice] 1#1: start worker process 33
2025/04/06 11:33:42 [notice] 1#1: start worker process 34
2025/04/06 11:33:42 [notice] 1#1: start worker process 35
2025/04/06 11:33:42 [notice] 1#1: start worker process 36
2025/04/06 11:41:21 [notice] 1#1: signal 3 (SIGQUIT) received, shutting down
2025/04/06 11:41:21 [notice] 29#29: gracefully shutting down
2025/04/06 11:41:21 [notice] 30#30: gracefully shutting down
2025/04/06 11:41:21 [notice] 29#29: exiting
2025/04/06 11:41:21 [notice] 33#33: gracefully shutting down
2025/04/06 11:41:21 [notice] 29#29: exit
2025/04/06 11:41:21 [notice] 32#32: gracefully shutting down
2025/04/06 11:41:21 [notice] 31#31: gracefully shutting down
2025/04/06 11:41:21 [notice] 32#32: exiting
2025/04/06 11:41:21 [notice] 35#35: gracefully shutting down
2025/04/06 11:41:21 [notice] 34#34: gracefully shutting down
2025/04/06 11:41:21 [notice] 36#36: gracefully shutting down
2025/04/06 11:41:21 [notice] 30#30: exiting
2025/04/06 11:41:21 [notice] 33#33: exiting
2025/04/06 11:41:21 [notice] 31#31: exiting
2025/04/06 11:41:21 [notice] 32#32: exit
2025/04/06 11:41:21 [notice] 35#35: exiting
2025/04/06 11:41:21 [notice] 34#34: exiting
2025/04/06 11:41:21 [notice] 36#36: exiting
2025/04/06 11:41:21 [notice] 30#30: exit
2025/04/06 11:41:21 [notice] 33#33: exit
2025/04/06 11:41:21 [notice] 31#31: exit
2025/04/06 11:41:21 [notice] 35#35: exit
2025/04/06 11:41:21 [notice] 34#34: exit
2025/04/06 11:41:21 [notice] 36#36: exit
2025/04/06 11:41:21 [notice] 1#1: signal 17 (SIGCHLD) received from 32
2025/04/06 11:41:21 [notice] 1#1: worker process 30 exited with code 0
2025/04/06 11:41:21 [notice] 1#1: worker process 29 exited with code 0
2025/04/06 11:41:21 [notice] 1#1: worker process 31 exited with code 0
2025/04/06 11:41:21 [notice] 1#1: worker process 32 exited with code 0
2025/04/06 11:41:21 [notice] 1#1: signal 29 (SIGIO) received
2025/04/06 11:41:21 [notice] 1#1: signal 17 (SIGCHLD) received from 29
2025/04/06 11:41:21 [notice] 1#1: signal 17 (SIGCHLD) received from 33
2025/04/06 11:41:21 [notice] 1#1: worker process 33 exited with code 0
2025/04/06 11:41:21 [notice] 1#1: worker process 35 exited with code 0
2025/04/06 11:41:21 [notice] 1#1: signal 29 (SIGIO) received
2025/04/06 11:41:21 [notice] 1#1: signal 17 (SIGCHLD) received from 35
2025/04/06 11:41:21 [notice] 1#1: signal 17 (SIGCHLD) received from 34
2025/04/06 11:41:21 [notice] 1#1: worker process 34 exited with code 0
2025/04/06 11:41:21 [notice] 1#1: worker process 36 exited with code 0
2025/04/06 11:41:21 [notice] 1#1: exit
2025/04/06 11:42:28 [notice] 1#1: using the "epoll" event method
2025/04/06 11:42:28 [notice] 1#1: nginx/1.27.4
2025/04/06 11:42:28 [notice] 1#1: built by gcc 14.2.0 (Alpine 14.2.0) 
2025/04/06 11:42:28 [notice] 1#1: OS: Linux 6.10.14-linuxkit
2025/04/06 11:42:28 [notice] 1#1: getrlimit(RLIMIT_NOFILE): 1048576:1048576
2025/04/06 11:42:28 [notice] 1#1: start worker processes
2025/04/06 11:42:28 [notice] 1#1: start worker process 29
2025/04/06 11:42:28 [notice] 1#1: start worker process 30
2025/04/06 11:42:28 [notice] 1#1: start worker process 31
2025/04/06 11:42:28 [notice] 1#1: start worker process 32
2025/04/06 11:42:28 [notice] 1#1: start worker process 33
2025/04/06 11:42:28 [notice] 1#1: start worker process 34
2025/04/06 11:42:28 [notice] 1#1: start worker process 35
2025/04/06 11:42:28 [notice] 1#1: start worker process 36
2025/04/06 11:44:06 [notice] 1#1: signal 3 (SIGQUIT) received, shutting down
2025/04/06 11:44:06 [notice] 31#31: gracefully shutting down
2025/04/06 11:44:06 [notice] 30#30: gracefully shutting down
2025/04/06 11:44:06 [notice] 29#29: gracefully shutting down
2025/04/06 11:44:06 [notice] 30#30: exiting
2025/04/06 11:44:06 [notice] 32#32: gracefully shutting down
2025/04/06 11:44:06 [notice] 35#35: gracefully shutting down
2025/04/06 11:44:06 [notice] 36#36: gracefully shutting down
2025/04/06 11:44:06 [notice] 35#35: exiting
2025/04/06 11:44:06 [notice] 33#33: gracefully shutting down
2025/04/06 11:44:06 [notice] 34#34: gracefully shutting down
2025/04/06 11:44:06 [notice] 31#31: exiting
2025/04/06 11:44:06 [notice] 29#29: exiting
2025/04/06 11:44:06 [notice] 32#32: exiting
2025/04/06 11:44:06 [notice] 32#32: exit
2025/04/06 11:44:06 [notice] 30#30: exit
2025/04/06 11:44:06 [notice] 36#36: exiting
2025/04/06 11:44:06 [notice] 35#35: exit
2025/04/06 11:44:06 [notice] 33#33: exiting
2025/04/06 11:44:06 [notice] 34#34: exiting
2025/04/06 11:44:06 [notice] 31#31: exit
2025/04/06 11:44:06 [notice] 33#33: exit
2025/04/06 11:44:06 [notice] 29#29: exit
2025/04/06 11:44:06 [notice] 36#36: exit
2025/04/06 11:44:06 [notice] 34#34: exit
2025/04/06 11:44:06 [notice] 1#1: signal 17 (SIGCHLD) received from 32
2025/04/06 11:44:06 [notice] 1#1: worker process 32 exited with code 0
2025/04/06 11:44:06 [notice] 1#1: signal 29 (SIGIO) received
2025/04/06 11:44:06 [notice] 1#1: signal 17 (SIGCHLD) received from 34
2025/04/06 11:44:06 [notice] 1#1: worker process 29 exited with code 0
2025/04/06 11:44:06 [notice] 1#1: worker process 30 exited with code 0
2025/04/06 11:44:06 [notice] 1#1: worker process 31 exited with code 0
2025/04/06 11:44:06 [notice] 1#1: worker process 33 exited with code 0
2025/04/06 11:44:06 [notice] 1#1: worker process 34 exited with code 0
2025/04/06 11:44:06 [notice] 1#1: worker process 35 exited with code 0
2025/04/06 11:44:06 [notice] 1#1: worker process 36 exited with code 0
2025/04/06 11:44:06 [notice] 1#1: exit
2025/04/06 11:44:10 [notice] 1#1: using the "epoll" event method
2025/04/06 11:44:10 [notice] 1#1: nginx/1.27.4
2025/04/06 11:44:10 [notice] 1#1: built by gcc 14.2.0 (Alpine 14.2.0) 
2025/04/06 11:44:10 [notice] 1#1: OS: Linux 6.10.14-linuxkit
2025/04/06 11:44:10 [notice] 1#1: getrlimit(RLIMIT_NOFILE): 1048576:1048576
2025/04/06 11:44:10 [notice] 1#1: start worker processes
2025/04/06 11:44:10 [notice] 1#1: start worker process 29
2025/04/06 11:44:10 [notice] 1#1: start worker process 30
2025/04/06 11:44:10 [notice] 1#1: start worker process 31
2025/04/06 11:44:10 [notice] 1#1: start worker process 32
2025/04/06 11:44:10 [notice] 1#1: start worker process 33
2025/04/06 11:44:10 [notice] 1#1: start worker process 34
2025/04/06 11:44:10 [notice] 1#1: start worker process 35
2025/04/06 11:44:10 [notice] 1#1: start worker process 36
2025/04/06 11:47:56 [notice] 1#1: signal 3 (SIGQUIT) received, shutting down
2025/04/06 11:47:56 [notice] 30#30: gracefully shutting down
2025/04/06 11:47:56 [notice] 29#29: gracefully shutting down
2025/04/06 11:47:56 [notice] 30#30: exiting
2025/04/06 11:47:56 [notice] 33#33: gracefully shutting down
2025/04/06 11:47:56 [notice] 31#31: gracefully shutting down
2025/04/06 11:47:56 [notice] 32#32: gracefully shutting down
2025/04/06 11:47:56 [notice] 35#35: gracefully shutting down
2025/04/06 11:47:56 [notice] 36#36: gracefully shutting down
2025/04/06 11:47:56 [notice] 35#35: exiting
2025/04/06 11:47:56 [notice] 34#34: gracefully shutting down
2025/04/06 11:47:56 [notice] 29#29: exiting
2025/04/06 11:47:56 [notice] 33#33: exiting
2025/04/06 11:47:56 [notice] 34#34: exiting
2025/04/06 11:47:56 [notice] 30#30: exit
2025/04/06 11:47:56 [notice] 34#34: exit
2025/04/06 11:47:56 [notice] 31#31: exiting
2025/04/06 11:47:56 [notice] 32#32: exiting
2025/04/06 11:47:56 [notice] 36#36: exiting
2025/04/06 11:47:56 [notice] 32#32: exit
2025/04/06 11:47:56 [notice] 35#35: exit
2025/04/06 11:47:56 [notice] 29#29: exit
2025/04/06 11:47:56 [notice] 33#33: exit
2025/04/06 11:47:56 [notice] 31#31: exit
2025/04/06 11:47:56 [notice] 36#36: exit
2025/04/06 11:47:56 [notice] 1#1: signal 17 (SIGCHLD) received from 32
2025/04/06 11:47:56 [notice] 1#1: worker process 29 exited with code 0
2025/04/06 11:47:56 [notice] 1#1: worker process 32 exited with code 0
2025/04/06 11:47:56 [notice] 1#1: worker process 33 exited with code 0
2025/04/06 11:47:56 [notice] 1#1: worker process 35 exited with code 0
2025/04/06 11:47:56 [notice] 1#1: signal 29 (SIGIO) received
2025/04/06 11:47:56 [notice] 1#1: signal 17 (SIGCHLD) received from 35
2025/04/06 11:47:56 [notice] 1#1: signal 17 (SIGCHLD) received from 36
2025/04/06 11:47:56 [notice] 1#1: worker process 34 exited with code 0
2025/04/06 11:47:56 [notice] 1#1: worker process 36 exited with code 0
2025/04/06 11:47:56 [notice] 1#1: signal 29 (SIGIO) received
2025/04/06 11:47:56 [notice] 1#1: signal 17 (SIGCHLD) received from 30
2025/04/06 11:47:56 [notice] 1#1: worker process 30 exited with code 0
2025/04/06 11:47:56 [notice] 1#1: signal 17 (SIGCHLD) received from 31
2025/04/06 11:47:56 [notice] 1#1: worker process 31 exited with code 0
2025/04/06 11:47:56 [notice] 1#1: exit
2025/04/06 11:48:01 [notice] 1#1: using the "epoll" event method
2025/04/06 11:48:01 [notice] 1#1: nginx/1.27.4
2025/04/06 11:48:01 [notice] 1#1: built by gcc 14.2.0 (Alpine 14.2.0) 
2025/04/06 11:48:01 [notice] 1#1: OS: Linux 6.10.14-linuxkit
2025/04/06 11:48:01 [notice] 1#1: getrlimit(RLIMIT_NOFILE): 1048576:1048576
2025/04/06 11:48:01 [notice] 1#1: start worker processes
2025/04/06 11:48:01 [notice] 1#1: start worker process 29
2025/04/06 11:48:01 [notice] 1#1: start worker process 30
2025/04/06 11:48:01 [notice] 1#1: start worker process 31
2025/04/06 11:48:01 [notice] 1#1: start worker process 32
2025/04/06 11:48:01 [notice] 1#1: start worker process 33
2025/04/06 11:48:01 [notice] 1#1: start worker process 34
2025/04/06 11:48:01 [notice] 1#1: start worker process 35
2025/04/06 11:48:01 [notice] 1#1: start worker process 36
2025/04/06 16:50:29 [notice] 1#1: signal 3 (SIGQUIT) received, shutting down
2025/04/06 16:50:29 [notice] 29#29: gracefully shutting down
2025/04/06 16:50:29 [notice] 30#30: gracefully shutting down
2025/04/06 16:50:29 [notice] 32#32: gracefully shutting down
2025/04/06 16:50:29 [notice] 33#33: gracefully shutting down
2025/04/06 16:50:29 [notice] 36#36: gracefully shutting down
2025/04/06 16:50:29 [notice] 34#34: gracefully shutting down
2025/04/06 16:50:29 [notice] 31#31: gracefully shutting down
2025/04/06 16:50:29 [notice] 35#35: gracefully shutting down
2025/04/06 16:50:29 [notice] 36#36: exiting
2025/04/06 16:50:29 [notice] 29#29: exiting
2025/04/06 16:50:29 [notice] 30#30: exiting
2025/04/06 16:50:29 [notice] 33#33: exiting
2025/04/06 16:50:29 [notice] 32#32: exiting
2025/04/06 16:50:29 [notice] 34#34: exiting
2025/04/06 16:50:29 [notice] 31#31: exiting
2025/04/06 16:50:29 [notice] 32#32: exit
2025/04/06 16:50:29 [notice] 35#35: exiting
2025/04/06 16:50:29 [notice] 31#31: exit
2025/04/06 16:50:29 [notice] 36#36: exit
2025/04/06 16:50:29 [notice] 30#30: exit
2025/04/06 16:50:29 [notice] 29#29: exit
2025/04/06 16:50:29 [notice] 33#33: exit
2025/04/06 16:50:29 [notice] 34#34: exit
2025/04/06 16:50:29 [notice] 35#35: exit
2025/04/06 16:50:29 [notice] 1#1: signal 17 (SIGCHLD) received from 32
2025/04/06 16:50:29 [notice] 1#1: worker process 32 exited with code 0
2025/04/06 16:50:29 [notice] 1#1: signal 29 (SIGIO) received
2025/04/06 16:50:29 [notice] 1#1: signal 17 (SIGCHLD) received from 29
2025/04/06 16:50:29 [notice] 1#1: worker process 29 exited with code 0
2025/04/06 16:50:29 [notice] 1#1: worker process 30 exited with code 0
2025/04/06 16:50:29 [notice] 1#1: worker process 31 exited with code 0
2025/04/06 16:50:29 [notice] 1#1: worker process 33 exited with code 0
2025/04/06 16:50:29 [notice] 1#1: worker process 34 exited with code 0
2025/04/06 16:50:29 [notice] 1#1: worker process 35 exited with code 0
2025/04/06 16:50:29 [notice] 1#1: worker process 36 exited with code 0
2025/04/06 16:50:29 [notice] 1#1: exit
